#
# There is insufficient memory for the Java Runtime Environment to continue.
# Native memory allocation (malloc) failed to allocate 1270032 bytes. Error detail: Chunk::new
# Possible reasons:
#   The system is out of physical RAM or swap space
#   This process is running with CompressedOops enabled, and the Java Heap may be blocking the growth of the native heap
# Possible solutions:
#   Reduce memory load on the system
#   Increase physical memory or swap space
#   Check if swap backing store is full
#   Decrease Java heap size (-Xmx/-Xms)
#   Decrease number of Java threads
#   Decrease Java thread stack sizes (-Xss)
#   Set larger code cache with -XX:ReservedCodeCacheSize=
#   JVM is running with Unscaled Compressed Oops mode in which the Java heap is
#     placed in the first 4GB address space. The Java Heap base address is the
#     maximum limit for the native heap growth. Please use -XX:HeapBaseMinAddress
#     to set the Java Heap base and to place the Java Heap above 4GB virtual address.
# This output file may be truncated or incomplete.
#
#  Out of Memory Error (arena.cpp:168), pid=8212, tid=3892
#
# JRE version: OpenJDK Runtime Environment Temurin-21.0.8+9 (21.0.8+9) (build 21.0.8+9-LTS)
# Java VM: OpenJDK 64-Bit Server VM Temurin-21.0.8+9 (21.0.8+9-LTS, mixed mode, sharing, tiered, compressed oops, compressed class ptrs, g1 gc, windows-amd64)
# No core dump will be written. Minidumps are not enabled by default on client versions of Windows
#

---------------  S U M M A R Y ------------

Command Line: --enable-native-access=ALL-UNNAMED -Dclassworlds.conf=C:\Users\Usuario\.m2\wrapper\dists\apache-maven-3.9.11\03d7e36a140982eea48e22c1dcac01d8862b2550b2939e09a0809bbc5182a5bc\bin\m2.conf -Dmaven.home=C:\Users\Usuario\.m2\wrapper\dists\apache-maven-3.9.11\03d7e36a140982eea48e22c1dcac01d8862b2550b2939e09a0809bbc5182a5bc -Dlibrary.jansi.path=C:\Users\Usuario\.m2\wrapper\dists\apache-maven-3.9.11\03d7e36a140982eea48e22c1dcac01d8862b2550b2939e09a0809bbc5182a5bc\lib\jansi-native -Dmaven.multiModuleProjectDirectory=c:\Users\Usuario\Documents\ArquiSoft\lab3v org.codehaus.plexus.classworlds.launcher.Launcher -q help:effective-pom -Doutput=c:\Users\Usuario\Documents\ArquiSoft\lab3v\effective-pom.xml

Host: AMD Ryzen 3 4300U with Radeon Graphics         , 4 cores, 7G,  Windows 11 , 64 bit Build 26100 (10.0.26100.7019)
Time: Fri Nov 28 11:41:49 2025 Hora est. Pacífico, Sudamérica elapsed time: 3.583755 seconds (0d 0h 0m 3s)

---------------  T H R E A D  ---------------

Current thread (0x0000026c1cafd670):  JavaThread "C2 CompilerThread1" daemon [_thread_in_native, id=3892, stack(0x00000087f5700000,0x00000087f5800000) (1024K)]


Current CompileTask:
C2:3583 4615       4       java.lang.invoke.MethodType::makeImpl (109 bytes)

Stack: [0x00000087f5700000,0x00000087f5800000]
Native frames: (J=compiled Java code, j=interpreted, Vv=VM code, C=native code)
V  [jvm.dll+0x6d2449]
V  [jvm.dll+0x8ae341]
V  [jvm.dll+0x8b08be]
V  [jvm.dll+0x8b0fa3]
V  [jvm.dll+0x280c96]
V  [jvm.dll+0xc581d]
V  [jvm.dll+0xc5d53]
V  [jvm.dll+0x3b919c]
V  [jvm.dll+0x1e1213]
V  [jvm.dll+0x249022]
V  [jvm.dll+0x2484af]
V  [jvm.dll+0x1c89ee]
V  [jvm.dll+0x257d4d]
V  [jvm.dll+0x2562ea]
V  [jvm.dll+0x3f2d16]
V  [jvm.dll+0x857e6b]
V  [jvm.dll+0x6d0b0d]
C  [ucrtbase.dll+0x37b0]
C  [KERNEL32.DLL+0x2e8d7]
C  [ntdll.dll+0x8c53c]


---------------  P R O C E S S  ---------------

Threads class SMR info:
_java_thread_list=0x0000026c1c4dd7e0, length=12, elements={
0x0000026c7df865b0, 0x0000026c1c32d7e0, 0x0000026c1c32e230, 0x0000026c1c332dc0,
0x0000026c1c334ce0, 0x0000026c1c336900, 0x0000026c1c33f760, 0x0000026c1c34d4f0,
0x0000026c1c34db90, 0x0000026c1c49dab0, 0x0000026c1c4a5520, 0x0000026c1cafd670
}

Java Threads: ( => current thread )
  0x0000026c7df865b0 JavaThread "main"                              [_thread_in_Java, id=11304, stack(0x00000087f4200000,0x00000087f4300000) (1024K)]
  0x0000026c1c32d7e0 JavaThread "Reference Handler"          daemon [_thread_blocked, id=19284, stack(0x00000087f4a00000,0x00000087f4b00000) (1024K)]
  0x0000026c1c32e230 JavaThread "Finalizer"                  daemon [_thread_blocked, id=16980, stack(0x00000087f4b00000,0x00000087f4c00000) (1024K)]
  0x0000026c1c332dc0 JavaThread "Signal Dispatcher"          daemon [_thread_blocked, id=10152, stack(0x00000087f4c00000,0x00000087f4d00000) (1024K)]
  0x0000026c1c334ce0 JavaThread "Attach Listener"            daemon [_thread_blocked, id=15408, stack(0x00000087f4d00000,0x00000087f4e00000) (1024K)]
  0x0000026c1c336900 JavaThread "Service Thread"             daemon [_thread_blocked, id=2424, stack(0x00000087f4e00000,0x00000087f4f00000) (1024K)]
  0x0000026c1c33f760 JavaThread "Monitor Deflation Thread"   daemon [_thread_blocked, id=15560, stack(0x00000087f4f00000,0x00000087f5000000) (1024K)]
  0x0000026c1c34d4f0 JavaThread "C2 CompilerThread0"         daemon [_thread_in_native, id=2408, stack(0x00000087f5000000,0x00000087f5100000) (1024K)]
  0x0000026c1c34db90 JavaThread "C1 CompilerThread0"         daemon [_thread_in_native, id=12104, stack(0x00000087f5100000,0x00000087f5200000) (1024K)]
  0x0000026c1c49dab0 JavaThread "Notification Thread"        daemon [_thread_blocked, id=14772, stack(0x00000087f5200000,0x00000087f5300000) (1024K)]
  0x0000026c1c4a5520 JavaThread "Common-Cleaner"             daemon [_thread_blocked, id=11888, stack(0x00000087f5300000,0x00000087f5400000) (1024K)]
=>0x0000026c1cafd670 JavaThread "C2 CompilerThread1"         daemon [_thread_in_native, id=3892, stack(0x00000087f5700000,0x00000087f5800000) (1024K)]
Total: 12

Other Threads:
  0x0000026c1c312c80 VMThread "VM Thread"                           [id=16296, stack(0x00000087f4900000,0x00000087f4a00000) (1024K)]
  0x0000026c1c3009f0 WatcherThread "VM Periodic Task Thread"        [id=7772, stack(0x00000087f4800000,0x00000087f4900000) (1024K)]
  0x0000026c7fb5e780 WorkerThread "GC Thread#0"                     [id=13120, stack(0x00000087f4300000,0x00000087f4400000) (1024K)]
  0x0000026c1cf956d0 WorkerThread "GC Thread#1"                     [id=18868, stack(0x00000087f5400000,0x00000087f5500000) (1024K)]
  0x0000026c1cdf3cf0 WorkerThread "GC Thread#2"                     [id=15124, stack(0x00000087f5500000,0x00000087f5600000) (1024K)]
  0x0000026c1cdf4090 WorkerThread "GC Thread#3"                     [id=5868, stack(0x00000087f5600000,0x00000087f5700000) (1024K)]
  0x0000026c7fb6e320 ConcurrentGCThread "G1 Main Marker"            [id=5040, stack(0x00000087f4400000,0x00000087f4500000) (1024K)]
  0x0000026c7fb70b50 WorkerThread "G1 Conc#0"                       [id=13768, stack(0x00000087f4500000,0x00000087f4600000) (1024K)]
  0x0000026c7fbcdc60 ConcurrentGCThread "G1 Refine#0"               [id=6392, stack(0x00000087f4600000,0x00000087f4700000) (1024K)]
  0x0000026c7fbce570 ConcurrentGCThread "G1 Service"                [id=4644, stack(0x00000087f4700000,0x00000087f4800000) (1024K)]
Total: 10

Threads with active compile tasks:
C2 CompilerThread0  3613 4795       4       java.time.LocalDateTime::ofEpochSecond (77 bytes)
C1 CompilerThread0  3613 5017       3       org.jdom2.Verifier::checkCharacterData (209 bytes)
C2 CompilerThread1  3613 4615       4       java.lang.invoke.MethodType::makeImpl (109 bytes)
Total: 3

VM state: not at safepoint (normal execution)

VM Mutex/Monitor currently owned by a thread: None

Heap address: 0x000000008a200000, size: 1886 MB, Compressed Oops mode: 32-bit

CDS archive(s) mapped at: [0x0000026c1d000000-0x0000026c1dc80000-0x0000026c1dc80000), size 13107200, SharedBaseAddress: 0x0000026c1d000000, ArchiveRelocationMode: 1.
Compressed class space mapped at: 0x0000026c1e000000-0x0000026c5e000000, reserved size: 1073741824
Narrow klass base: 0x0000026c1d000000, Narrow klass shift: 0, Narrow klass range: 0x100000000

GC Precious Log:
 CardTable entry size: 512
 Card Set container configuration: InlinePtr #cards 5 size 8 Array Of Cards #cards 12 size 40 Howl #buckets 4 coarsen threshold 1843 Howl Bitmap #cards 512 size 80 coarsen threshold 460 Card regions per heap region 1 cards per card region 2048
 CPUs: 4 total, 4 available
 Memory: 7538M
 Large Page Support: Disabled
 NUMA Support: Disabled
 Compressed Oops: Enabled (32-bit)
 Heap Region Size: 1M
 Heap Min Capacity: 8M
 Heap Initial Capacity: 118M
 Heap Max Capacity: 1886M
 Pre-touch: Disabled
 Parallel Workers: 4
 Concurrent Workers: 1
 Concurrent Refinement Workers: 4
 Periodic GC: Disabled

Heap:
 garbage-first heap   total 120832K, used 57635K [0x000000008a200000, 0x0000000100000000)
  region size 1024K, 48 young (49152K), 6 survivors (6144K)
 Metaspace       used 19675K, committed 19968K, reserved 1114112K
  class space    used 2238K, committed 2368K, reserved 1048576K

Heap Regions: E=young(eden), S=young(survivor), O=old, HS=humongous(starts), HC=humongous(continues), CS=collection set, F=free, TAMS=top-at-mark-start, PB=parsable bottom
|   0|0x000000008a200000, 0x000000008a300000, 0x000000008a300000|100%| O|  |TAMS 0x000000008a200000| PB 0x000000008a200000| Untracked 
|   1|0x000000008a300000, 0x000000008a400000, 0x000000008a400000|100%| O|  |TAMS 0x000000008a300000| PB 0x000000008a300000| Untracked 
|   2|0x000000008a400000, 0x000000008a500000, 0x000000008a500000|100%| O|  |TAMS 0x000000008a400000| PB 0x000000008a400000| Untracked 
|   3|0x000000008a500000, 0x000000008a600000, 0x000000008a600000|100%| O|  |TAMS 0x000000008a500000| PB 0x000000008a500000| Untracked 
|   4|0x000000008a600000, 0x000000008a700000, 0x000000008a700000|100%| O|  |TAMS 0x000000008a600000| PB 0x000000008a600000| Untracked 
|   5|0x000000008a700000, 0x000000008a800000, 0x000000008a800000|100%| O|  |TAMS 0x000000008a700000| PB 0x000000008a700000| Untracked 
|   6|0x000000008a800000, 0x000000008a900000, 0x000000008a900000|100%| O|  |TAMS 0x000000008a800000| PB 0x000000008a800000| Untracked 
|   7|0x000000008a900000, 0x000000008aa00000, 0x000000008aa00000|100%| O|  |TAMS 0x000000008a900000| PB 0x000000008a900000| Untracked 
|   8|0x000000008aa00000, 0x000000008ab00000, 0x000000008ab00000|100%| O|  |TAMS 0x000000008aa00000| PB 0x000000008aa00000| Untracked 
|   9|0x000000008ab00000, 0x000000008ac00000, 0x000000008ac00000|100%| O|  |TAMS 0x000000008ab00000| PB 0x000000008ab00000| Untracked 
|  10|0x000000008ac00000, 0x000000008acc8d40, 0x000000008ad00000| 78%| O|  |TAMS 0x000000008ac00000| PB 0x000000008ac00000| Untracked 
|  11|0x000000008ad00000, 0x000000008ad00000, 0x000000008ae00000|  0%| F|  |TAMS 0x000000008ad00000| PB 0x000000008ad00000| Untracked 
|  12|0x000000008ae00000, 0x000000008ae00000, 0x000000008af00000|  0%| F|  |TAMS 0x000000008ae00000| PB 0x000000008ae00000| Untracked 
|  13|0x000000008af00000, 0x000000008af00000, 0x000000008b000000|  0%| F|  |TAMS 0x000000008af00000| PB 0x000000008af00000| Untracked 
|  14|0x000000008b000000, 0x000000008b000000, 0x000000008b100000|  0%| F|  |TAMS 0x000000008b000000| PB 0x000000008b000000| Untracked 
|  15|0x000000008b100000, 0x000000008b100000, 0x000000008b200000|  0%| F|  |TAMS 0x000000008b100000| PB 0x000000008b100000| Untracked 
|  16|0x000000008b200000, 0x000000008b200000, 0x000000008b300000|  0%| F|  |TAMS 0x000000008b200000| PB 0x000000008b200000| Untracked 
|  17|0x000000008b300000, 0x000000008b300000, 0x000000008b400000|  0%| F|  |TAMS 0x000000008b300000| PB 0x000000008b300000| Untracked 
|  18|0x000000008b400000, 0x000000008b400000, 0x000000008b500000|  0%| F|  |TAMS 0x000000008b400000| PB 0x000000008b400000| Untracked 
|  19|0x000000008b500000, 0x000000008b500000, 0x000000008b600000|  0%| F|  |TAMS 0x000000008b500000| PB 0x000000008b500000| Untracked 
|  20|0x000000008b600000, 0x000000008b600000, 0x000000008b700000|  0%| F|  |TAMS 0x000000008b600000| PB 0x000000008b600000| Untracked 
|  21|0x000000008b700000, 0x000000008b700000, 0x000000008b800000|  0%| F|  |TAMS 0x000000008b700000| PB 0x000000008b700000| Untracked 
|  22|0x000000008b800000, 0x000000008b800000, 0x000000008b900000|  0%| F|  |TAMS 0x000000008b800000| PB 0x000000008b800000| Untracked 
|  23|0x000000008b900000, 0x000000008b900000, 0x000000008ba00000|  0%| F|  |TAMS 0x000000008b900000| PB 0x000000008b900000| Untracked 
|  24|0x000000008ba00000, 0x000000008ba00000, 0x000000008bb00000|  0%| F|  |TAMS 0x000000008ba00000| PB 0x000000008ba00000| Untracked 
|  25|0x000000008bb00000, 0x000000008bb00000, 0x000000008bc00000|  0%| F|  |TAMS 0x000000008bb00000| PB 0x000000008bb00000| Untracked 
|  26|0x000000008bc00000, 0x000000008bc00000, 0x000000008bd00000|  0%| F|  |TAMS 0x000000008bc00000| PB 0x000000008bc00000| Untracked 
|  27|0x000000008bd00000, 0x000000008bd00000, 0x000000008be00000|  0%| F|  |TAMS 0x000000008bd00000| PB 0x000000008bd00000| Untracked 
|  28|0x000000008be00000, 0x000000008be00000, 0x000000008bf00000|  0%| F|  |TAMS 0x000000008be00000| PB 0x000000008be00000| Untracked 
|  29|0x000000008bf00000, 0x000000008bf00000, 0x000000008c000000|  0%| F|  |TAMS 0x000000008bf00000| PB 0x000000008bf00000| Untracked 
|  30|0x000000008c000000, 0x000000008c000000, 0x000000008c100000|  0%| F|  |TAMS 0x000000008c000000| PB 0x000000008c000000| Untracked 
|  31|0x000000008c100000, 0x000000008c100000, 0x000000008c200000|  0%| F|  |TAMS 0x000000008c100000| PB 0x000000008c100000| Untracked 
|  32|0x000000008c200000, 0x000000008c200000, 0x000000008c300000|  0%| F|  |TAMS 0x000000008c200000| PB 0x000000008c200000| Untracked 
|  33|0x000000008c300000, 0x000000008c300000, 0x000000008c400000|  0%| F|  |TAMS 0x000000008c300000| PB 0x000000008c300000| Untracked 
|  34|0x000000008c400000, 0x000000008c400000, 0x000000008c500000|  0%| F|  |TAMS 0x000000008c400000| PB 0x000000008c400000| Untracked 
|  35|0x000000008c500000, 0x000000008c500000, 0x000000008c600000|  0%| F|  |TAMS 0x000000008c500000| PB 0x000000008c500000| Untracked 
|  36|0x000000008c600000, 0x000000008c600000, 0x000000008c700000|  0%| F|  |TAMS 0x000000008c600000| PB 0x000000008c600000| Untracked 
|  37|0x000000008c700000, 0x000000008c700000, 0x000000008c800000|  0%| F|  |TAMS 0x000000008c700000| PB 0x000000008c700000| Untracked 
|  38|0x000000008c800000, 0x000000008c800000, 0x000000008c900000|  0%| F|  |TAMS 0x000000008c800000| PB 0x000000008c800000| Untracked 
|  39|0x000000008c900000, 0x000000008c900000, 0x000000008ca00000|  0%| F|  |TAMS 0x000000008c900000| PB 0x000000008c900000| Untracked 
|  40|0x000000008ca00000, 0x000000008ca00000, 0x000000008cb00000|  0%| F|  |TAMS 0x000000008ca00000| PB 0x000000008ca00000| Untracked 
|  41|0x000000008cb00000, 0x000000008cb00000, 0x000000008cc00000|  0%| F|  |TAMS 0x000000008cb00000| PB 0x000000008cb00000| Untracked 
|  42|0x000000008cc00000, 0x000000008cc00000, 0x000000008cd00000|  0%| F|  |TAMS 0x000000008cc00000| PB 0x000000008cc00000| Untracked 
|  43|0x000000008cd00000, 0x000000008cd00000, 0x000000008ce00000|  0%| F|  |TAMS 0x000000008cd00000| PB 0x000000008cd00000| Untracked 
|  44|0x000000008ce00000, 0x000000008ce00000, 0x000000008cf00000|  0%| F|  |TAMS 0x000000008ce00000| PB 0x000000008ce00000| Untracked 
|  45|0x000000008cf00000, 0x000000008cf00000, 0x000000008d000000|  0%| F|  |TAMS 0x000000008cf00000| PB 0x000000008cf00000| Untracked 
|  46|0x000000008d000000, 0x000000008d000000, 0x000000008d100000|  0%| F|  |TAMS 0x000000008d000000| PB 0x000000008d000000| Untracked 
|  47|0x000000008d100000, 0x000000008d100000, 0x000000008d200000|  0%| F|  |TAMS 0x000000008d100000| PB 0x000000008d100000| Untracked 
|  48|0x000000008d200000, 0x000000008d200000, 0x000000008d300000|  0%| F|  |TAMS 0x000000008d200000| PB 0x000000008d200000| Untracked 
|  49|0x000000008d300000, 0x000000008d300000, 0x000000008d400000|  0%| F|  |TAMS 0x000000008d300000| PB 0x000000008d300000| Untracked 
|  50|0x000000008d400000, 0x000000008d480000, 0x000000008d500000| 50%| S|CS|TAMS 0x000000008d400000| PB 0x000000008d400000| Complete 
|  51|0x000000008d500000, 0x000000008d600000, 0x000000008d600000|100%| S|CS|TAMS 0x000000008d500000| PB 0x000000008d500000| Complete 
|  52|0x000000008d600000, 0x000000008d700000, 0x000000008d700000|100%| S|CS|TAMS 0x000000008d600000| PB 0x000000008d600000| Complete 
|  53|0x000000008d700000, 0x000000008d800000, 0x000000008d800000|100%| S|CS|TAMS 0x000000008d700000| PB 0x000000008d700000| Complete 
|  54|0x000000008d800000, 0x000000008d900000, 0x000000008d900000|100%| S|CS|TAMS 0x000000008d800000| PB 0x000000008d800000| Complete 
|  55|0x000000008d900000, 0x000000008da00000, 0x000000008da00000|100%| S|CS|TAMS 0x000000008d900000| PB 0x000000008d900000| Complete 
|  56|0x000000008da00000, 0x000000008da00000, 0x000000008db00000|  0%| F|  |TAMS 0x000000008da00000| PB 0x000000008da00000| Untracked 
|  57|0x000000008db00000, 0x000000008db00000, 0x000000008dc00000|  0%| F|  |TAMS 0x000000008db00000| PB 0x000000008db00000| Untracked 
|  58|0x000000008dc00000, 0x000000008dc00000, 0x000000008dd00000|  0%| F|  |TAMS 0x000000008dc00000| PB 0x000000008dc00000| Untracked 
|  59|0x000000008dd00000, 0x000000008dd00000, 0x000000008de00000|  0%| F|  |TAMS 0x000000008dd00000| PB 0x000000008dd00000| Untracked 
|  60|0x000000008de00000, 0x000000008de00000, 0x000000008df00000|  0%| F|  |TAMS 0x000000008de00000| PB 0x000000008de00000| Untracked 
|  61|0x000000008df00000, 0x000000008df00000, 0x000000008e000000|  0%| F|  |TAMS 0x000000008df00000| PB 0x000000008df00000| Untracked 
|  62|0x000000008e000000, 0x000000008e000000, 0x000000008e100000|  0%| F|  |TAMS 0x000000008e000000| PB 0x000000008e000000| Untracked 
|  63|0x000000008e100000, 0x000000008e100000, 0x000000008e200000|  0%| F|  |TAMS 0x000000008e100000| PB 0x000000008e100000| Untracked 
|  64|0x000000008e200000, 0x000000008e200000, 0x000000008e300000|  0%| F|  |TAMS 0x000000008e200000| PB 0x000000008e200000| Untracked 
|  65|0x000000008e300000, 0x000000008e300000, 0x000000008e400000|  0%| F|  |TAMS 0x000000008e300000| PB 0x000000008e300000| Untracked 
|  66|0x000000008e400000, 0x000000008e400000, 0x000000008e500000|  0%| F|  |TAMS 0x000000008e400000| PB 0x000000008e400000| Untracked 
|  67|0x000000008e500000, 0x000000008e500000, 0x000000008e600000|  0%| F|  |TAMS 0x000000008e500000| PB 0x000000008e500000| Untracked 
|  68|0x000000008e600000, 0x000000008e600000, 0x000000008e700000|  0%| F|  |TAMS 0x000000008e600000| PB 0x000000008e600000| Untracked 
|  69|0x000000008e700000, 0x000000008e700000, 0x000000008e800000|  0%| F|  |TAMS 0x000000008e700000| PB 0x000000008e700000| Untracked 
|  70|0x000000008e800000, 0x000000008e800000, 0x000000008e900000|  0%| F|  |TAMS 0x000000008e800000| PB 0x000000008e800000| Untracked 
|  71|0x000000008e900000, 0x000000008e900000, 0x000000008ea00000|  0%| F|  |TAMS 0x000000008e900000| PB 0x000000008e900000| Untracked 
|  72|0x000000008ea00000, 0x000000008ea00000, 0x000000008eb00000|  0%| F|  |TAMS 0x000000008ea00000| PB 0x000000008ea00000| Untracked 
|  73|0x000000008eb00000, 0x000000008eb00000, 0x000000008ec00000|  0%| F|  |TAMS 0x000000008eb00000| PB 0x000000008eb00000| Untracked 
|  74|0x000000008ec00000, 0x000000008ec00000, 0x000000008ed00000|  0%| F|  |TAMS 0x000000008ec00000| PB 0x000000008ec00000| Untracked 
|  75|0x000000008ed00000, 0x000000008ed00000, 0x000000008ee00000|  0%| F|  |TAMS 0x000000008ed00000| PB 0x000000008ed00000| Untracked 
|  76|0x000000008ee00000, 0x000000008ee80000, 0x000000008ef00000| 50%| E|  |TAMS 0x000000008ee00000| PB 0x000000008ee00000| Complete 
|  77|0x000000008ef00000, 0x000000008f000000, 0x000000008f000000|100%| E|CS|TAMS 0x000000008ef00000| PB 0x000000008ef00000| Complete 
|  78|0x000000008f000000, 0x000000008f100000, 0x000000008f100000|100%| E|CS|TAMS 0x000000008f000000| PB 0x000000008f000000| Complete 
|  79|0x000000008f100000, 0x000000008f200000, 0x000000008f200000|100%| E|  |TAMS 0x000000008f100000| PB 0x000000008f100000| Complete 
|  80|0x000000008f200000, 0x000000008f300000, 0x000000008f300000|100%| E|CS|TAMS 0x000000008f200000| PB 0x000000008f200000| Complete 
|  81|0x000000008f300000, 0x000000008f400000, 0x000000008f400000|100%| E|CS|TAMS 0x000000008f300000| PB 0x000000008f300000| Complete 
|  82|0x000000008f400000, 0x000000008f500000, 0x000000008f500000|100%| E|CS|TAMS 0x000000008f400000| PB 0x000000008f400000| Complete 
|  83|0x000000008f500000, 0x000000008f600000, 0x000000008f600000|100%| E|CS|TAMS 0x000000008f500000| PB 0x000000008f500000| Complete 
|  84|0x000000008f600000, 0x000000008f700000, 0x000000008f700000|100%| E|CS|TAMS 0x000000008f600000| PB 0x000000008f600000| Complete 
|  85|0x000000008f700000, 0x000000008f800000, 0x000000008f800000|100%| E|CS|TAMS 0x000000008f700000| PB 0x000000008f700000| Complete 
|  86|0x000000008f800000, 0x000000008f900000, 0x000000008f900000|100%| E|CS|TAMS 0x000000008f800000| PB 0x000000008f800000| Complete 
|  87|0x000000008f900000, 0x000000008fa00000, 0x000000008fa00000|100%| E|CS|TAMS 0x000000008f900000| PB 0x000000008f900000| Complete 
|  88|0x000000008fa00000, 0x000000008fb00000, 0x000000008fb00000|100%| E|CS|TAMS 0x000000008fa00000| PB 0x000000008fa00000| Complete 
|  89|0x000000008fb00000, 0x000000008fc00000, 0x000000008fc00000|100%| E|CS|TAMS 0x000000008fb00000| PB 0x000000008fb00000| Complete 
|  90|0x000000008fc00000, 0x000000008fd00000, 0x000000008fd00000|100%| E|CS|TAMS 0x000000008fc00000| PB 0x000000008fc00000| Complete 
|  91|0x000000008fd00000, 0x000000008fe00000, 0x000000008fe00000|100%| E|CS|TAMS 0x000000008fd00000| PB 0x000000008fd00000| Complete 
|  92|0x000000008fe00000, 0x000000008ff00000, 0x000000008ff00000|100%| E|CS|TAMS 0x000000008fe00000| PB 0x000000008fe00000| Complete 
|  93|0x000000008ff00000, 0x0000000090000000, 0x0000000090000000|100%| E|CS|TAMS 0x000000008ff00000| PB 0x000000008ff00000| Complete 
|  94|0x0000000090000000, 0x0000000090100000, 0x0000000090100000|100%| E|CS|TAMS 0x0000000090000000| PB 0x0000000090000000| Complete 
|  95|0x0000000090100000, 0x0000000090200000, 0x0000000090200000|100%| E|CS|TAMS 0x0000000090100000| PB 0x0000000090100000| Complete 
|  96|0x0000000090200000, 0x0000000090300000, 0x0000000090300000|100%| E|CS|TAMS 0x0000000090200000| PB 0x0000000090200000| Complete 
|  97|0x0000000090300000, 0x0000000090400000, 0x0000000090400000|100%| E|CS|TAMS 0x0000000090300000| PB 0x0000000090300000| Complete 
|  98|0x0000000090400000, 0x0000000090500000, 0x0000000090500000|100%| E|CS|TAMS 0x0000000090400000| PB 0x0000000090400000| Complete 
|  99|0x0000000090500000, 0x0000000090600000, 0x0000000090600000|100%| E|CS|TAMS 0x0000000090500000| PB 0x0000000090500000| Complete 
| 100|0x0000000090600000, 0x0000000090700000, 0x0000000090700000|100%| E|CS|TAMS 0x0000000090600000| PB 0x0000000090600000| Complete 
| 101|0x0000000090700000, 0x0000000090800000, 0x0000000090800000|100%| E|CS|TAMS 0x0000000090700000| PB 0x0000000090700000| Complete 
| 102|0x0000000090800000, 0x0000000090900000, 0x0000000090900000|100%| E|CS|TAMS 0x0000000090800000| PB 0x0000000090800000| Complete 
| 103|0x0000000090900000, 0x0000000090a00000, 0x0000000090a00000|100%| E|CS|TAMS 0x0000000090900000| PB 0x0000000090900000| Complete 
| 104|0x0000000090a00000, 0x0000000090b00000, 0x0000000090b00000|100%| E|CS|TAMS 0x0000000090a00000| PB 0x0000000090a00000| Complete 
| 105|0x0000000090b00000, 0x0000000090c00000, 0x0000000090c00000|100%| E|CS|TAMS 0x0000000090b00000| PB 0x0000000090b00000| Complete 
| 106|0x0000000090c00000, 0x0000000090d00000, 0x0000000090d00000|100%| E|CS|TAMS 0x0000000090c00000| PB 0x0000000090c00000| Complete 
| 107|0x0000000090d00000, 0x0000000090e00000, 0x0000000090e00000|100%| E|CS|TAMS 0x0000000090d00000| PB 0x0000000090d00000| Complete 
| 108|0x0000000090e00000, 0x0000000090f00000, 0x0000000090f00000|100%| E|CS|TAMS 0x0000000090e00000| PB 0x0000000090e00000| Complete 
| 109|0x0000000090f00000, 0x0000000091000000, 0x0000000091000000|100%| E|CS|TAMS 0x0000000090f00000| PB 0x0000000090f00000| Complete 
| 110|0x0000000091000000, 0x0000000091100000, 0x0000000091100000|100%| E|CS|TAMS 0x0000000091000000| PB 0x0000000091000000| Complete 
| 111|0x0000000091100000, 0x0000000091200000, 0x0000000091200000|100%| E|CS|TAMS 0x0000000091100000| PB 0x0000000091100000| Complete 
| 112|0x0000000091200000, 0x0000000091300000, 0x0000000091300000|100%| E|CS|TAMS 0x0000000091200000| PB 0x0000000091200000| Complete 
| 113|0x0000000091300000, 0x0000000091400000, 0x0000000091400000|100%| E|CS|TAMS 0x0000000091300000| PB 0x0000000091300000| Complete 
| 114|0x0000000091400000, 0x0000000091500000, 0x0000000091500000|100%| E|CS|TAMS 0x0000000091400000| PB 0x0000000091400000| Complete 
| 115|0x0000000091500000, 0x0000000091600000, 0x0000000091600000|100%| E|CS|TAMS 0x0000000091500000| PB 0x0000000091500000| Complete 
| 116|0x0000000091600000, 0x0000000091700000, 0x0000000091700000|100%| E|CS|TAMS 0x0000000091600000| PB 0x0000000091600000| Complete 
| 117|0x0000000091700000, 0x0000000091800000, 0x0000000091800000|100%| E|CS|TAMS 0x0000000091700000| PB 0x0000000091700000| Complete 

Card table byte_map: [0x0000026c17c20000,0x0000026c17fd0000] _byte_map_base: 0x0000026c177cf000

Marking Bits: (CMBitMap*) 0x0000026c7fb5ee80
 Bits: [0x0000026c17fd0000, 0x0000026c19d48000)

Polling page: 0x0000026c7e0b0000

Metaspace:

Usage:
  Non-class:     17.03 MB used.
      Class:      2.19 MB used.
       Both:     19.21 MB used.

Virtual space:
  Non-class space:       64.00 MB reserved,      17.19 MB ( 27%) committed,  1 nodes.
      Class space:        1.00 GB reserved,       2.31 MB ( <1%) committed,  1 nodes.
             Both:        1.06 GB reserved,      19.50 MB (  2%) committed. 

Chunk freelists:
   Non-Class:  14.59 MB
       Class:  13.70 MB
        Both:  28.30 MB

MaxMetaspaceSize: unlimited
CompressedClassSpaceSize: 1.00 GB
Initial GC threshold: 21.00 MB
Current GC threshold: 21.00 MB
CDS: on
 - commit_granule_bytes: 65536.
 - commit_granule_words: 8192.
 - virtual_space_node_default_size: 8388608.
 - enlarge_chunks_in_place: 1.
 - use_allocation_guard: 0.


Internal statistics:

num_allocs_failed_limit: 0.
num_arena_births: 180.
num_arena_deaths: 0.
num_vsnodes_births: 2.
num_vsnodes_deaths: 0.
num_space_committed: 312.
num_space_uncommitted: 0.
num_chunks_returned_to_freelist: 0.
num_chunks_taken_from_freelist: 792.
num_chunk_merges: 0.
num_chunk_splits: 558.
num_chunks_enlarged: 459.
num_inconsistent_stats: 0.

CodeHeap 'non-profiled nmethods': size=120000Kb used=2593Kb max_used=2593Kb free=117406Kb
 bounds [0x0000026c10110000, 0x0000026c103a0000, 0x0000026c17640000]
CodeHeap 'profiled nmethods': size=120000Kb used=10490Kb max_used=10490Kb free=109509Kb
 bounds [0x0000026c08640000, 0x0000026c09080000, 0x0000026c0fb70000]
CodeHeap 'non-nmethods': size=5760Kb used=1419Kb max_used=1451Kb free=4340Kb
 bounds [0x0000026c0fb70000, 0x0000026c0fde0000, 0x0000026c10110000]
CodeCache: size=245760Kb, used=14502Kb, max_used=14534Kb, free=231255Kb
 total_blobs=5487, nmethods=4977, adapters=414, full_count=0
Compilation: enabled, stopped_count=0, restarted_count=0

Compilation events (20 events):
Event: 3.482 Thread 0x0000026c1c34db90 4908       2       org.jdom2.Content::<init> (15 bytes)
Event: 3.482 Thread 0x0000026c1c34db90 nmethod 4908 0x0000026c0902e090 code [0x0000026c0902e220, 0x0000026c0902e398]
Event: 3.482 Thread 0x0000026c1c34db90 4905       2       com.sun.org.apache.xerces.internal.impl.XMLEntityScanner::getColumnNumber (19 bytes)
Event: 3.482 Thread 0x0000026c1c34db90 nmethod 4905 0x0000026c0902e410 code [0x0000026c0902e5c0, 0x0000026c0902e708]
Event: 3.482 Thread 0x0000026c1c34db90 4909       2       java.util.AbstractList::add (11 bytes)
Event: 3.482 Thread 0x0000026c1c34db90 nmethod 4909 0x0000026c0902e790 code [0x0000026c0902e940, 0x0000026c0902eac0]
Event: 3.482 Thread 0x0000026c1c34db90 4910       2       org.jdom2.ContentList::add (10 bytes)
Event: 3.482 Thread 0x0000026c1c34db90 nmethod 4910 0x0000026c0902eb90 code [0x0000026c0902ed40, 0x0000026c0902ee98]
Event: 3.482 Thread 0x0000026c1c34db90 4911       2       org.jdom2.ContentList::add (109 bytes)
Event: 3.482 Thread 0x0000026c1c34db90 nmethod 4911 0x0000026c0902ef90 code [0x0000026c0902f1a0, 0x0000026c0902f6a0]
Event: 3.482 Thread 0x0000026c1c34db90 4918       2       com.sun.org.apache.xerces.internal.impl.XMLEntityScanner::normalizeNewlines (505 bytes)
Event: 3.483 Thread 0x0000026c1c34db90 nmethod 4918 0x0000026c0902f890 code [0x0000026c0902fac0, 0x0000026c09030170]
Event: 3.483 Thread 0x0000026c1c34db90 4915       2       com.sun.org.apache.xerces.internal.impl.XMLEntityScanner::skipSpaces (362 bytes)
Event: 3.483 Thread 0x0000026c1c34db90 nmethod 4915 0x0000026c09030610 code [0x0000026c09030840, 0x0000026c09030ec0]
Event: 3.483 Thread 0x0000026c1c34db90 4912       2       org.jdom2.ContentList::checkPreConditions (157 bytes)
Event: 3.484 Thread 0x0000026c1c34db90 nmethod 4912 0x0000026c09031310 code [0x0000026c09031600, 0x0000026c090320d8]
Event: 3.484 Thread 0x0000026c1c34db90 4922       2       org.jdom2.input.sax.SAXHandler::getCurrentElement (22 bytes)
Event: 3.484 Thread 0x0000026c1c34db90 nmethod 4922 0x0000026c09032610 code [0x0000026c090327c0, 0x0000026c090329a0]
Event: 3.484 Thread 0x0000026c1c34db90 4926       2       org.jdom2.Verifier::checkCharacterData (209 bytes)
Event: 3.582 Thread 0x0000026c1c34db90 nmethod 4926 0x0000026c09032a90 code [0x0000026c09032f40, 0x0000026c090350a8]

GC Heap History (8 events):
Event: 0.437 GC heap before
{Heap before GC invocations=0 (full 0):
 garbage-first heap   total 120832K, used 13312K [0x000000008a200000, 0x0000000100000000)
  region size 1024K, 13 young (13312K), 0 survivors (0K)
 Metaspace       used 3534K, committed 3712K, reserved 1114112K
  class space    used 362K, committed 448K, reserved 1048576K
}
Event: 0.442 GC heap after
{Heap after GC invocations=1 (full 0):
 garbage-first heap   total 120832K, used 3264K [0x000000008a200000, 0x0000000100000000)
  region size 1024K, 2 young (2048K), 2 survivors (2048K)
 Metaspace       used 3534K, committed 3712K, reserved 1114112K
  class space    used 362K, committed 448K, reserved 1048576K
}
Event: 0.731 GC heap before
{Heap before GC invocations=1 (full 0):
 garbage-first heap   total 120832K, used 19648K [0x000000008a200000, 0x0000000100000000)
  region size 1024K, 18 young (18432K), 2 survivors (2048K)
 Metaspace       used 6082K, committed 6272K, reserved 1114112K
  class space    used 720K, committed 832K, reserved 1048576K
}
Event: 0.735 GC heap after
{Heap after GC invocations=2 (full 0):
 garbage-first heap   total 120832K, used 4082K [0x000000008a200000, 0x0000000100000000)
  region size 1024K, 1 young (1024K), 1 survivors (1024K)
 Metaspace       used 6082K, committed 6272K, reserved 1114112K
  class space    used 720K, committed 832K, reserved 1048576K
}
Event: 2.246 GC heap before
{Heap before GC invocations=2 (full 0):
 garbage-first heap   total 120832K, used 73714K [0x000000008a200000, 0x0000000100000000)
  region size 1024K, 70 young (71680K), 1 survivors (1024K)
 Metaspace       used 15586K, committed 15872K, reserved 1114112K
  class space    used 1863K, committed 1984K, reserved 1048576K
}
Event: 2.257 GC heap after
{Heap after GC invocations=3 (full 0):
 garbage-first heap   total 120832K, used 10946K [0x000000008a200000, 0x0000000100000000)
  region size 1024K, 8 young (8192K), 8 survivors (8192K)
 Metaspace       used 15586K, committed 15872K, reserved 1114112K
  class space    used 1863K, committed 1984K, reserved 1048576K
}
Event: 2.939 GC heap before
{Heap before GC invocations=3 (full 0):
 garbage-first heap   total 120832K, used 74434K [0x000000008a200000, 0x0000000100000000)
  region size 1024K, 70 young (71680K), 8 survivors (8192K)
 Metaspace       used 16216K, committed 16448K, reserved 1114112K
  class space    used 1893K, committed 1984K, reserved 1048576K
}
Event: 2.953 GC heap after
{Heap after GC invocations=4 (full 0):
 garbage-first heap   total 120832K, used 16675K [0x000000008a200000, 0x0000000100000000)
  region size 1024K, 6 young (6144K), 6 survivors (6144K)
 Metaspace       used 16216K, committed 16448K, reserved 1114112K
  class space    used 1893K, committed 1984K, reserved 1048576K
}

Dll operation events (8 events):
Event: 0.007 Loaded shared library C:\Program Files\Eclipse Adoptium\jdk-21.0.8.9-hotspot\bin\java.dll
Event: 0.034 Loaded shared library C:\Program Files\Eclipse Adoptium\jdk-21.0.8.9-hotspot\bin\jsvml.dll
Event: 0.050 Loaded shared library C:\Program Files\Eclipse Adoptium\jdk-21.0.8.9-hotspot\bin\net.dll
Event: 0.052 Loaded shared library C:\Program Files\Eclipse Adoptium\jdk-21.0.8.9-hotspot\bin\nio.dll
Event: 0.056 Loaded shared library C:\Program Files\Eclipse Adoptium\jdk-21.0.8.9-hotspot\bin\zip.dll
Event: 0.188 Loaded shared library C:\Program Files\Eclipse Adoptium\jdk-21.0.8.9-hotspot\bin\jimage.dll
Event: 0.190 Loaded shared library C:\Users\Usuario\.m2\wrapper\dists\apache-maven-3.9.11\03d7e36a140982eea48e22c1dcac01d8862b2550b2939e09a0809bbc5182a5bc\lib\jansi-native\Windows\x86_64\jansi.dll
Event: 0.203 Loaded shared library C:\Program Files\Eclipse Adoptium\jdk-21.0.8.9-hotspot\bin\verify.dll

Deoptimization events (20 events):
Event: 3.407 Thread 0x0000026c7df865b0 DEOPT PACKING pc=0x0000026c10205d44 sp=0x00000087f42fd070
Event: 3.407 Thread 0x0000026c7df865b0 DEOPT UNPACKING pc=0x0000026c0fbc46a2 sp=0x00000087f42fcf68 mode 2
Event: 3.407 Thread 0x0000026c7df865b0 Uncommon trap: trap_request=0xffffff45 fr.pc=0x0000026c102f2ce4 relative=0x00000000000000c4
Event: 3.407 Thread 0x0000026c7df865b0 Uncommon trap: reason=unstable_if action=reinterpret pc=0x0000026c102f2ce4 method=java.lang.String.codePointAt(I)I @ 4 c2
Event: 3.407 Thread 0x0000026c7df865b0 DEOPT PACKING pc=0x0000026c102f2ce4 sp=0x00000087f42fce70
Event: 3.407 Thread 0x0000026c7df865b0 DEOPT UNPACKING pc=0x0000026c0fbc46a2 sp=0x00000087f42fcdf8 mode 2
Event: 3.408 Thread 0x0000026c7df865b0 Uncommon trap: trap_request=0xffffff45 fr.pc=0x0000026c10289708 relative=0x0000000000000068
Event: 3.408 Thread 0x0000026c7df865b0 Uncommon trap: reason=unstable_if action=reinterpret pc=0x0000026c10289708 method=java.util.regex.Pattern.has(I)Z @ 6 c2
Event: 3.408 Thread 0x0000026c7df865b0 DEOPT PACKING pc=0x0000026c10289708 sp=0x00000087f42fc710
Event: 3.408 Thread 0x0000026c7df865b0 DEOPT UNPACKING pc=0x0000026c0fbc46a2 sp=0x00000087f42fc6a0 mode 2
Event: 3.408 Thread 0x0000026c7df865b0 Uncommon trap: trap_request=0xffffff45 fr.pc=0x0000026c101256a0 relative=0x0000000000000080
Event: 3.408 Thread 0x0000026c7df865b0 Uncommon trap: reason=unstable_if action=reinterpret pc=0x0000026c101256a0 method=java.lang.CharacterDataLatin1.toLowerCase(I)I @ 23 c2
Event: 3.408 Thread 0x0000026c7df865b0 DEOPT PACKING pc=0x0000026c101256a0 sp=0x00000087f42fc710
Event: 3.408 Thread 0x0000026c7df865b0 DEOPT UNPACKING pc=0x0000026c0fbc46a2 sp=0x00000087f42fc690 mode 2
Event: 3.419 Thread 0x0000026c7df865b0 DEOPT PACKING pc=0x0000026c08fffe52 sp=0x00000087f42fe1e0
Event: 3.419 Thread 0x0000026c7df865b0 DEOPT UNPACKING pc=0x0000026c0fbc4e42 sp=0x00000087f42fd708 mode 0
Event: 3.440 Thread 0x0000026c7df865b0 Uncommon trap: trap_request=0xffffff45 fr.pc=0x0000026c1037e990 relative=0x00000000000009f0
Event: 3.440 Thread 0x0000026c7df865b0 Uncommon trap: reason=unstable_if action=reinterpret pc=0x0000026c1037e990 method=org.codehaus.plexus.classworlds.realm.Entry.matches(Ljava/lang/String;)Z @ 20 c2
Event: 3.440 Thread 0x0000026c7df865b0 DEOPT PACKING pc=0x0000026c1037e990 sp=0x00000087f42fccd0
Event: 3.440 Thread 0x0000026c7df865b0 DEOPT UNPACKING pc=0x0000026c0fbc46a2 sp=0x00000087f42fcc78 mode 2

Classes loaded (20 events):
Event: 3.460 Loading class com/sun/xml/internal/stream/util/ThreadLocalBufferAllocator
Event: 3.460 Loading class com/sun/xml/internal/stream/util/ThreadLocalBufferAllocator done
Event: 3.460 Loading class com/sun/xml/internal/stream/util/BufferAllocator
Event: 3.460 Loading class com/sun/xml/internal/stream/util/BufferAllocator done
Event: 3.460 Loading class com/sun/org/apache/xerces/internal/util/XMLChar
Event: 3.460 Loading class com/sun/org/apache/xerces/internal/util/XMLChar done
Event: 3.461 Loading class com/sun/org/apache/xerces/internal/util/XMLSymbols
Event: 3.461 Loading class com/sun/org/apache/xerces/internal/util/XMLSymbols done
Event: 3.461 Loading class com/sun/org/apache/xerces/internal/parsers/AbstractSAXParser$LocatorProxy
Event: 3.462 Loading class org/xml/sax/ext/Locator2
Event: 3.462 Loading class org/xml/sax/Locator
Event: 3.462 Loading class org/xml/sax/Locator done
Event: 3.462 Loading class org/xml/sax/ext/Locator2 done
Event: 3.462 Loading class com/sun/org/apache/xerces/internal/parsers/AbstractSAXParser$LocatorProxy done
Event: 3.462 Loading class com/sun/org/apache/xerces/internal/impl/XMLScanner$NameType
Event: 3.462 Loading class com/sun/org/apache/xerces/internal/impl/XMLScanner$NameType done
Event: 3.462 Loading class com/sun/org/apache/xerces/internal/impl/Constants
Event: 3.463 Loading class com/sun/org/apache/xerces/internal/impl/Constants done
Event: 3.463 Loading class com/sun/org/apache/xerces/internal/impl/Constants$ArrayEnumeration
Event: 3.463 Loading class com/sun/org/apache/xerces/internal/impl/Constants$ArrayEnumeration done

Classes unloaded (0 events):
No events

Classes redefined (0 events):
No events

Internal exceptions (20 events):
Event: 1.903 Thread 0x0000026c7df865b0 Exception <a 'java/lang/NoSuchMethodError'{0x000000008e737b20}: 'java.lang.Object java.lang.invoke.DirectMethodHandle$Holder.invokeVirtual(java.lang.Object, java.lang.Object, java.lang.Object)'> (0x000000008e737b20) 
thrown [s\src\hotspot\share\interpreter\linkResolver.cpp, line 773]
Event: 1.906 Thread 0x0000026c7df865b0 Exception <a 'java/lang/NoSuchMethodError'{0x000000008e749368}: 'void java.lang.invoke.DirectMethodHandle$Holder.invokeSpecial(java.lang.Object, java.lang.Object, java.lang.Object, java.lang.Object, java.lang.Object, java.lang.Object)'> (0x000000008e749368) 
thrown [s\src\hotspot\share\interpreter\linkResolver.cpp, line 773]
Event: 1.953 Thread 0x0000026c7df865b0 Exception <a 'java/lang/NoSuchMethodError'{0x000000008e53bab8}: 'void java.lang.invoke.DirectMethodHandle$Holder.invokeVirtual(java.lang.Object, java.lang.Object, int)'> (0x000000008e53bab8) 
thrown [s\src\hotspot\share\interpreter\linkResolver.cpp, line 773]
Event: 1.954 Thread 0x0000026c7df865b0 Exception <a 'java/lang/NoSuchMethodError'{0x000000008e53f8c8}: 'void java.lang.invoke.DirectMethodHandle$Holder.invokeSpecial(java.lang.Object, java.lang.Object, java.lang.Object, int)'> (0x000000008e53f8c8) 
thrown [s\src\hotspot\share\interpreter\linkResolver.cpp, line 773]
Event: 1.954 Thread 0x0000026c7df865b0 Exception <a 'java/lang/NoSuchMethodError'{0x000000008e542fa8}: 'void java.lang.invoke.DelegatingMethodHandle$Holder.reinvoke_L(java.lang.Object, java.lang.Object, int)'> (0x000000008e542fa8) 
thrown [s\src\hotspot\share\interpreter\linkResolver.cpp, line 773]
Event: 2.565 Thread 0x0000026c7df865b0 Implicit null exception at 0x0000026c10269039 to 0x0000026c1026a3a8
Event: 2.566 Thread 0x0000026c7df865b0 Implicit null exception at 0x0000026c101e7518 to 0x0000026c101e770c
Event: 2.566 Thread 0x0000026c7df865b0 Implicit null exception at 0x0000026c1024ef8d to 0x0000026c1024f7f4
Event: 2.571 Thread 0x0000026c7df865b0 Exception <a 'java/lang/NoSuchMethodError'{0x000000008f1e9d88}: 'java.lang.Object java.lang.invoke.DirectMethodHandle$Holder.newInvokeSpecial(java.lang.Object, java.lang.Object, java.lang.Object, java.lang.Object, java.lang.Object, java.lang.Object, java.lang.Object)'> (0x000000008f1e9d88) 
thrown [s\src\hotspot\share\interpreter\linkResolver.cpp, line 773]
Event: 3.228 Thread 0x0000026c7df865b0 Implicit null exception at 0x0000026c102d0985 to 0x0000026c102d0c5c
Event: 3.267 Thread 0x0000026c7df865b0 Exception <a 'java/lang/NoClassDefFoundError'{0x00000000904a3b50}: org/sonatype/aether/deployment/DeploymentException> (0x00000000904a3b50) 
thrown [s\src\hotspot\share\classfile\systemDictionary.cpp, line 301]
Event: 3.269 Thread 0x0000026c7df865b0 Exception <a 'java/lang/NoClassDefFoundError'{0x00000000904c5f00}: org/sonatype/aether/artifact/Artifact> (0x00000000904c5f00) 
thrown [s\src\hotspot\share\classfile\systemDictionary.cpp, line 301]
Event: 3.269 Thread 0x0000026c7df865b0 Exception <a 'java/lang/NoClassDefFoundError'{0x00000000904d3f00}: org/sonatype/aether/collection/DependencyCollectionException> (0x00000000904d3f00) 
thrown [s\src\hotspot\share\classfile\systemDictionary.cpp, line 301]
Event: 3.276 Thread 0x0000026c7df865b0 Exception <a 'java/lang/NoClassDefFoundError'{0x000000009034af30}: org/sonatype/aether/artifact/Artifact> (0x000000009034af30) 
thrown [s\src\hotspot\share\classfile\systemDictionary.cpp, line 301]
Event: 3.280 Thread 0x0000026c7df865b0 Exception <a 'java/lang/NoClassDefFoundError'{0x00000000903a61f8}: org/sonatype/aether/resolution/ArtifactResolutionException> (0x00000000903a61f8) 
thrown [s\src\hotspot\share\classfile\systemDictionary.cpp, line 301]
Event: 3.283 Thread 0x0000026c7df865b0 Exception <a 'java/lang/NoClassDefFoundError'{0x00000000903d3768}: org/sonatype/aether/resolution/ArtifactDescriptorException> (0x00000000903d3768) 
thrown [s\src\hotspot\share\classfile\systemDictionary.cpp, line 301]
Event: 3.284 Thread 0x0000026c7df865b0 Exception <a 'java/lang/NoClassDefFoundError'{0x00000000903de5c8}: org/sonatype/aether/installation/InstallationException> (0x00000000903de5c8) 
thrown [s\src\hotspot\share\classfile\systemDictionary.cpp, line 301]
Event: 3.293 Thread 0x0000026c7df865b0 Implicit null exception at 0x0000026c1033685f to 0x0000026c1033700c
Event: 3.300 Thread 0x0000026c7df865b0 Exception <a 'java/lang/NoSuchMethodError'{0x00000000902abb68}: 'int java.lang.invoke.DirectMethodHandle$Holder.invokeVirtual(java.lang.Object, java.lang.Object)'> (0x00000000902abb68) 
thrown [s\src\hotspot\share\interpreter\linkResolver.cpp, line 773]
Event: 3.328 Thread 0x0000026c7df865b0 Exception <a 'java/lang/NoSuchMethodError'{0x000000009004e750}: 'void java.lang.invoke.Invokers$Holder.invokeExact_MT(java.lang.Object, java.lang.Object, int, java.lang.Object)'> (0x000000009004e750) 
thrown [s\src\hotspot\share\interpreter\linkResolver.cpp, line 773]

ZGC Phase Switch (0 events):
No events

VM Operations (20 events):
Event: 1.783 Executing VM operation: ICBufferFull
Event: 1.783 Executing VM operation: ICBufferFull done
Event: 1.791 Executing VM operation: HandshakeAllThreads (Deoptimize)
Event: 1.791 Executing VM operation: HandshakeAllThreads (Deoptimize) done
Event: 1.831 Executing VM operation: HandshakeAllThreads (Deoptimize)
Event: 1.831 Executing VM operation: HandshakeAllThreads (Deoptimize) done
Event: 1.831 Executing VM operation: HandshakeAllThreads (Deoptimize)
Event: 1.831 Executing VM operation: HandshakeAllThreads (Deoptimize) done
Event: 2.089 Executing VM operation: ICBufferFull
Event: 2.089 Executing VM operation: ICBufferFull done
Event: 2.246 Executing VM operation: G1CollectForAllocation (G1 Evacuation Pause)
Event: 2.258 Executing VM operation: G1CollectForAllocation (G1 Evacuation Pause) done
Event: 2.616 Executing VM operation: ICBufferFull
Event: 2.616 Executing VM operation: ICBufferFull done
Event: 2.939 Executing VM operation: G1CollectForAllocation (G1 Evacuation Pause)
Event: 2.953 Executing VM operation: G1CollectForAllocation (G1 Evacuation Pause) done
Event: 3.291 Executing VM operation: ICBufferFull
Event: 3.291 Executing VM operation: ICBufferFull done
Event: 3.450 Executing VM operation: HandshakeAllThreads (Deoptimize)
Event: 3.450 Executing VM operation: HandshakeAllThreads (Deoptimize) done

Memory protections (0 events):
No events

Nmethod flushes (0 events):
No events

Events (14 events):
Event: 0.021 Thread 0x0000026c7df865b0 Thread added: 0x0000026c7df865b0
Event: 0.032 Thread 0x0000026c7df865b0 Thread added: 0x0000026c1c32d7e0
Event: 0.032 Thread 0x0000026c7df865b0 Thread added: 0x0000026c1c32e230
Event: 0.032 Thread 0x0000026c7df865b0 Thread added: 0x0000026c1c332dc0
Event: 0.032 Thread 0x0000026c7df865b0 Thread added: 0x0000026c1c334ce0
Event: 0.032 Thread 0x0000026c7df865b0 Thread added: 0x0000026c1c336900
Event: 0.032 Thread 0x0000026c7df865b0 Thread added: 0x0000026c1c33f760
Event: 0.032 Thread 0x0000026c7df865b0 Thread added: 0x0000026c1c34d4f0
Event: 0.032 Thread 0x0000026c7df865b0 Thread added: 0x0000026c1c34db90
Event: 0.046 Thread 0x0000026c7df865b0 Thread added: 0x0000026c1c49dab0
Event: 0.048 Thread 0x0000026c7df865b0 Thread added: 0x0000026c1c4a5520
Event: 0.187 Thread 0x0000026c7df865b0 Thread added: 0x0000026c1c6f5840
Event: 0.198 Thread 0x0000026c1c6f5840 Thread exited: 0x0000026c1c6f5840
Event: 0.603 Thread 0x0000026c1c34db90 Thread added: 0x0000026c1cafd670


Dynamic libraries:
0x00007ff7b0e10000 - 0x00007ff7b0e1e000 	C:\Program Files\Eclipse Adoptium\jdk-21.0.8.9-hotspot\bin\java.exe
0x00007ffb796c0000 - 0x00007ffb79928000 	C:\WINDOWS\SYSTEM32\ntdll.dll
0x00007ffb77740000 - 0x00007ffb77809000 	C:\WINDOWS\System32\KERNEL32.DLL
0x00007ffb76ac0000 - 0x00007ffb76eb8000 	C:\WINDOWS\System32\KERNELBASE.dll
0x00007ffb770c0000 - 0x00007ffb7720b000 	C:\WINDOWS\System32\ucrtbase.dll
0x00007ffb56f40000 - 0x00007ffb56f58000 	C:\Program Files\Eclipse Adoptium\jdk-21.0.8.9-hotspot\bin\jli.dll
0x00007ffb570d0000 - 0x00007ffb570ee000 	C:\Program Files\Eclipse Adoptium\jdk-21.0.8.9-hotspot\bin\VCRUNTIME140.dll
0x00007ffb78e30000 - 0x00007ffb78ff7000 	C:\WINDOWS\System32\USER32.dll
0x00007ffb77210000 - 0x00007ffb77237000 	C:\WINDOWS\System32\win32u.dll
0x00007ffb5dd10000 - 0x00007ffb5dfa4000 	C:\WINDOWS\WinSxS\amd64_microsoft.windows.common-controls_6595b64144ccf1df_6.0.26100.7019_none_3e06ffa0e335b8a8\COMCTL32.dll
0x00007ffb78d50000 - 0x00007ffb78d7b000 	C:\WINDOWS\System32\GDI32.dll
0x00007ffb76990000 - 0x00007ffb76abc000 	C:\WINDOWS\System32\gdi32full.dll
0x00007ffb774e0000 - 0x00007ffb77589000 	C:\WINDOWS\System32\msvcrt.dll
0x00007ffb772f0000 - 0x00007ffb77393000 	C:\WINDOWS\System32\msvcp_win.dll
0x00007ffb78a30000 - 0x00007ffb78a61000 	C:\WINDOWS\System32\IMM32.DLL
0x00007ffb6b300000 - 0x00007ffb6b30c000 	C:\Program Files\Eclipse Adoptium\jdk-21.0.8.9-hotspot\bin\vcruntime140_1.dll
0x00007ffb50e60000 - 0x00007ffb50eed000 	C:\Program Files\Eclipse Adoptium\jdk-21.0.8.9-hotspot\bin\msvcp140.dll
0x00007ffaf9d70000 - 0x00007ffafab07000 	C:\Program Files\Eclipse Adoptium\jdk-21.0.8.9-hotspot\bin\server\jvm.dll
0x00007ffb78c90000 - 0x00007ffb78d44000 	C:\WINDOWS\System32\ADVAPI32.dll
0x00007ffb78d80000 - 0x00007ffb78e26000 	C:\WINDOWS\System32\sechost.dll
0x00007ffb77fe0000 - 0x00007ffb780f8000 	C:\WINDOWS\System32\RPCRT4.dll
0x00007ffb78a70000 - 0x00007ffb78ae4000 	C:\WINDOWS\System32\WS2_32.dll
0x00007ffb6eb70000 - 0x00007ffb6eba5000 	C:\WINDOWS\SYSTEM32\WINMM.dll
0x00007ffb76670000 - 0x00007ffb766ce000 	C:\WINDOWS\SYSTEM32\POWRPROF.dll
0x00007ffb6f0e0000 - 0x00007ffb6f0eb000 	C:\WINDOWS\SYSTEM32\VERSION.dll
0x00007ffb76650000 - 0x00007ffb76664000 	C:\WINDOWS\SYSTEM32\UMPDC.dll
0x00007ffb755d0000 - 0x00007ffb755eb000 	C:\WINDOWS\SYSTEM32\kernel.appcore.dll
0x00007ffb69dd0000 - 0x00007ffb69dda000 	C:\Program Files\Eclipse Adoptium\jdk-21.0.8.9-hotspot\bin\jimage.dll
0x00007ffb5dff0000 - 0x00007ffb5e232000 	C:\WINDOWS\SYSTEM32\DBGHELP.DLL
0x00007ffb79290000 - 0x00007ffb7961b000 	C:\WINDOWS\System32\combase.dll
0x00007ffb788b0000 - 0x00007ffb78987000 	C:\WINDOWS\System32\OLEAUT32.dll
0x00007ffb5b150000 - 0x00007ffb5b18c000 	C:\WINDOWS\SYSTEM32\dbgcore.DLL
0x00007ffb77240000 - 0x00007ffb772e5000 	C:\WINDOWS\System32\bcryptPrimitives.dll
0x00007ffb54040000 - 0x00007ffb5405f000 	C:\Program Files\Eclipse Adoptium\jdk-21.0.8.9-hotspot\bin\java.dll
0x00007ffb78100000 - 0x00007ffb7884f000 	C:\WINDOWS\System32\SHELL32.dll
0x00007ffb76f50000 - 0x00007ffb770bb000 	C:\WINDOWS\System32\wintypes.dll
0x00007ffb74450000 - 0x00007ffb74cad000 	C:\WINDOWS\SYSTEM32\windows.storage.dll
0x00007ffb79190000 - 0x00007ffb79282000 	C:\WINDOWS\System32\SHCORE.dll
0x00007ffb77a20000 - 0x00007ffb77a87000 	C:\WINDOWS\System32\shlwapi.dll
0x00007ffb76730000 - 0x00007ffb76759000 	C:\WINDOWS\SYSTEM32\profapi.dll
0x00007ffb41b60000 - 0x00007ffb41c37000 	C:\Program Files\Eclipse Adoptium\jdk-21.0.8.9-hotspot\bin\jsvml.dll
0x00007ffb68590000 - 0x00007ffb685a0000 	C:\Program Files\Eclipse Adoptium\jdk-21.0.8.9-hotspot\bin\net.dll
0x00007ffb6efa0000 - 0x00007ffb6f0c8000 	C:\WINDOWS\SYSTEM32\WINHTTP.dll
0x00007ffb75b40000 - 0x00007ffb75bab000 	C:\WINDOWS\system32\mswsock.dll
0x00007ffb54020000 - 0x00007ffb54036000 	C:\Program Files\Eclipse Adoptium\jdk-21.0.8.9-hotspot\bin\nio.dll
0x00007ffb53b30000 - 0x00007ffb53b48000 	C:\Program Files\Eclipse Adoptium\jdk-21.0.8.9-hotspot\bin\zip.dll
0x00007ffb533f0000 - 0x00007ffb53414000 	C:\Users\Usuario\.m2\wrapper\dists\apache-maven-3.9.11\03d7e36a140982eea48e22c1dcac01d8862b2550b2939e09a0809bbc5182a5bc\lib\jansi-native\Windows\x86_64\jansi.dll
0x00007ffb684c0000 - 0x00007ffb684d0000 	C:\Program Files\Eclipse Adoptium\jdk-21.0.8.9-hotspot\bin\verify.dll

JVMTI agents: none

dbghelp: loaded successfully - version: 4.0.5 - missing functions: none
symbol engine: initialized successfully - sym options: 0x614 - pdb path: .;C:\Program Files\Eclipse Adoptium\jdk-21.0.8.9-hotspot\bin;C:\WINDOWS\SYSTEM32;C:\WINDOWS\WinSxS\amd64_microsoft.windows.common-controls_6595b64144ccf1df_6.0.26100.7019_none_3e06ffa0e335b8a8;C:\Program Files\Eclipse Adoptium\jdk-21.0.8.9-hotspot\bin\server;C:\Users\Usuario\.m2\wrapper\dists\apache-maven-3.9.11\03d7e36a140982eea48e22c1dcac01d8862b2550b2939e09a0809bbc5182a5bc\lib\jansi-native\Windows\x86_64

VM Arguments:
jvm_args: --enable-native-access=ALL-UNNAMED -Dclassworlds.conf=C:\Users\Usuario\.m2\wrapper\dists\apache-maven-3.9.11\03d7e36a140982eea48e22c1dcac01d8862b2550b2939e09a0809bbc5182a5bc\bin\m2.conf -Dmaven.home=C:\Users\Usuario\.m2\wrapper\dists\apache-maven-3.9.11\03d7e36a140982eea48e22c1dcac01d8862b2550b2939e09a0809bbc5182a5bc -Dlibrary.jansi.path=C:\Users\Usuario\.m2\wrapper\dists\apache-maven-3.9.11\03d7e36a140982eea48e22c1dcac01d8862b2550b2939e09a0809bbc5182a5bc\lib\jansi-native -Dmaven.multiModuleProjectDirectory=c:\Users\Usuario\Documents\ArquiSoft\lab3v 
java_command: org.codehaus.plexus.classworlds.launcher.Launcher -q help:effective-pom -Doutput=c:\Users\Usuario\Documents\ArquiSoft\lab3v\effective-pom.xml
java_class_path (initial): C:\Users\Usuario\.m2\wrapper\dists\apache-maven-3.9.11\03d7e36a140982eea48e22c1dcac01d8862b2550b2939e09a0809bbc5182a5bc\boot\plexus-classworlds-2.9.0.jar
Launcher Type: SUN_STANDARD

[Global flags]
     intx CICompilerCount                          = 3                                         {product} {ergonomic}
     uint ConcGCThreads                            = 1                                         {product} {ergonomic}
     uint G1ConcRefinementThreads                  = 4                                         {product} {ergonomic}
   size_t G1HeapRegionSize                         = 1048576                                   {product} {ergonomic}
    uintx GCDrainStackTargetSize                   = 64                                        {product} {ergonomic}
   size_t InitialHeapSize                          = 123731968                                 {product} {ergonomic}
   size_t MarkStackSize                            = 4194304                                   {product} {ergonomic}
   size_t MaxHeapSize                              = 1977614336                                {product} {ergonomic}
   size_t MaxNewSize                               = 1185939456                                {product} {ergonomic}
   size_t MinHeapDeltaBytes                        = 1048576                                   {product} {ergonomic}
   size_t MinHeapSize                              = 8388608                                   {product} {ergonomic}
    uintx NonNMethodCodeHeapSize                   = 5832780                                {pd product} {ergonomic}
    uintx NonProfiledCodeHeapSize                  = 122912730                              {pd product} {ergonomic}
    uintx ProfiledCodeHeapSize                     = 122912730                              {pd product} {ergonomic}
    uintx ReservedCodeCacheSize                    = 251658240                              {pd product} {ergonomic}
     bool SegmentedCodeCache                       = true                                      {product} {ergonomic}
   size_t SoftMaxHeapSize                          = 1977614336                             {manageable} {ergonomic}
     bool UseCompressedOops                        = true                           {product lp64_product} {ergonomic}
     bool UseG1GC                                  = true                                      {product} {ergonomic}
     bool UseLargePagesIndividualAllocation        = false                                  {pd product} {ergonomic}

Logging:
Log output configuration:
 #0: stdout all=warning uptime,level,tags foldmultilines=false
 #1: stderr all=off uptime,level,tags foldmultilines=false

Environment Variables:
PATH=C:\Program Files\Eclipse Adoptium\jdk-21.0.8.9-hotspot\bin;C:\WINDOWS\system32;C:\WINDOWS;C:\WINDOWS\System32\Wbem;C:\WINDOWS\System32\WindowsPowerShell\v1.0\;C:\WINDOWS\System32\OpenSSH\;C:\Program Files\swipl\bin;C:\Program Files\Git\cmd;C:\Users\Usuario\AppData\Local\Microsoft\WindowsApps;C:\Users\Usuario\Desktop\Microsoft VS Code\bin;C:\apache-maven-3.9.6\bin;C:\Users\Usuario\AppData\Local\Programs\cursor\resources\app\bin;C:\Users\Usuario\AppData\Local\gitkraken\bin
USERNAME=Usuario
OS=Windows_NT
PROCESSOR_IDENTIFIER=AMD64 Family 23 Model 96 Stepping 1, AuthenticAMD
TMP=C:\Users\Usuario\AppData\Local\Temp
TEMP=C:\Users\Usuario\AppData\Local\Temp




Periodic native trim disabled

---------------  S Y S T E M  ---------------

OS:
 Windows 11 , 64 bit Build 26100 (10.0.26100.7019)
OS uptime: 4 days 23:42 hours

CPU: total 4 (initial active 4) (4 cores per cpu, 1 threads per core) family 23 model 96 stepping 1 microcode 0x8600106, cx8, cmov, fxsr, mmx, 3dnowpref, sse, sse2, sse3, ssse3, sse4a, sse4.1, sse4.2, popcnt, lzcnt, tsc, tscinvbit, avx, avx2, aes, clmul, bmi1, bmi2, adx, sha, fma, vzeroupper, clflush, clflushopt, rdtscp, rdpid, f16c
Processor Information for the first 4 processors :
  Max Mhz: 2700, Current Mhz: 2700, Mhz Limit: 2700

Memory: 4k page, system-wide physical 7538M (760M free)
TotalPageFile size 12050M (AvailPageFile size 12M)
current process WorkingSet (physical memory assigned to process): 197M, peak: 201M
current process commit charge ("private bytes"): 259M, peak: 263M

vm_info: OpenJDK 64-Bit Server VM (21.0.8+9-LTS) for windows-amd64 JRE (21.0.8+9-LTS), built on 2025-07-15T00:00:00Z by "admin" with MS VC++ 17.7 (VS2022)

END.
