#
# There is insufficient memory for the Java Runtime Environment to continue.
# Native memory allocation (malloc) failed to allocate 1048576 bytes. Error detail: AllocateHeap
# Possible reasons:
#   The system is out of physical RAM or swap space
#   This process is running with CompressedOops enabled, and the Java Heap may be blocking the growth of the native heap
# Possible solutions:
#   Reduce memory load on the system
#   Increase physical memory or swap space
#   Check if swap backing store is full
#   Decrease Java heap size (-Xmx/-Xms)
#   Decrease number of Java threads
#   Decrease Java thread stack sizes (-Xss)
#   Set larger code cache with -XX:ReservedCodeCacheSize=
#   JVM is running with Unscaled Compressed Oops mode in which the Java heap is
#     placed in the first 4GB address space. The Java Heap base address is the
#     maximum limit for the native heap growth. Please use -XX:HeapBaseMinAddress
#     to set the Java Heap base and to place the Java Heap above 4GB virtual address.
# This output file may be truncated or incomplete.
#
#  Out of Memory Error (allocation.cpp:44), pid=14996, tid=13340
#
# JRE version: OpenJDK Runtime Environment Temurin-21.0.9+10 (21.0.9+10) (build 21.0.9+10-LTS)
# Java VM: OpenJDK 64-Bit Server VM Temurin-21.0.9+10 (21.0.9+10-LTS, mixed mode, sharing, tiered, compressed oops, compressed class ptrs, parallel gc, windows-amd64)
# No core dump will be written. Minidumps are not enabled by default on client versions of Windows
#

---------------  S U M M A R Y ------------

Command Line: --add-modules=ALL-SYSTEM --add-opens=java.base/java.util=ALL-UNNAMED --add-opens=java.base/java.lang=ALL-UNNAMED --add-opens=java.base/sun.nio.fs=ALL-UNNAMED -Declipse.application=org.eclipse.jdt.ls.core.id1 -Dosgi.bundles.defaultStartLevel=4 -Declipse.product=org.eclipse.jdt.ls.core.product -Djava.import.generatesMetadataFilesAtProjectRoot=false -DDetectVMInstallationsJob.disabled=true -Dfile.encoding=utf8 -XX:+UseParallelGC -XX:GCTimeRatio=4 -XX:AdaptiveSizePolicyWeight=90 -Dsun.zip.disableMemoryMapping=true -Xmx2G -Xms100m -Xlog:disable -javaagent:c:\Users\Usuario\.vscode\extensions\redhat.java-1.50.0-win32-x64\lombok\lombok-1.18.39-4050.jar -XX:+HeapDumpOnOutOfMemoryError -XX:HeapDumpPath=c:\Users\Usuario\AppData\Roaming\Code\User\workspaceStorage\b20c995eef3ad68cec9be3cc949f8442\redhat.java -Daether.dependencyCollector.impl=bf c:\Users\Usuario\.vscode\extensions\redhat.java-1.50.0-win32-x64\server\plugins\org.eclipse.equinox.launcher_1.7.100.v20251111-0406.jar -configuration c:\Users\Usuario\AppData\Roaming\Code\User\globalStorage\redhat.java\1.50.0\config_win -data c:\Users\Usuario\AppData\Roaming\Code\User\workspaceStorage\b20c995eef3ad68cec9be3cc949f8442\redhat.java\jdt_ws --pipe=\\.\pipe\lsp-9359cbee7be48270399b13de7e21aff0-sock

Host: AMD Ryzen 3 4300U with Radeon Graphics         , 4 cores, 7G,  Windows 11 , 64 bit Build 26100 (10.0.26100.7019)
Time: Sun Nov 30 22:31:15 2025 Hora est. Pacífico, Sudamérica elapsed time: 1050.708547 seconds (0d 0h 17m 30s)

---------------  T H R E A D  ---------------

Current thread (0x00000190ba310000):  JavaThread "Attach Listener" daemon [_thread_in_vm, id=13340, stack(0x00000019ec000000,0x00000019ec100000) (1024K)]

Stack: [0x00000019ec000000,0x00000019ec100000]
Native frames: (J=compiled Java code, j=interpreted, Vv=VM code, C=native code)
V  [jvm.dll+0x6d6e29]
V  [jvm.dll+0x8b4b76]
V  [jvm.dll+0x8b712e]
V  [jvm.dll+0x8b7813]
V  [jvm.dll+0x283d86]
V  [jvm.dll+0xc1277]
V  [jvm.dll+0x6d76d9]
V  [jvm.dll+0x133466]
V  [jvm.dll+0x3f7ea6]
V  [jvm.dll+0x85e9ad]
V  [jvm.dll+0x6d565d]
C  [ucrtbase.dll+0x37b0]
C  [KERNEL32.DLL+0x2e8d7]
C  [ntdll.dll+0x8c53c]


---------------  P R O C E S S  ---------------

Threads class SMR info:
_java_thread_list=0x00000191186cfcf0, length=30, elements={
0x00000190b7fa89a0, 0x00000190ba4d9280, 0x00000190ba4dbf60, 0x00000190ba310d20,
0x00000190ba310000, 0x00000190ba311a40, 0x00000190ba312df0, 0x00000190ba31cd70,
0x00000190ba390d80, 0x00000190ba310690, 0x00000190ba313480, 0x00000190ba3120d0,
0x00000190ba3113b0, 0x00000190ba312760, 0x00000191171201e0, 0x0000019117121c20,
0x00000191171222b0, 0x000001911711f4c0, 0x0000019117120870, 0x0000019117122fd0,
0x0000019117123660, 0x0000019117121590, 0x0000019117124380, 0x0000019117120f00,
0x0000019117124a10, 0x0000019117126ae0, 0x00000191171250a0, 0x0000019117125730,
0x0000019117125dc0, 0x0000019117126450
}

Java Threads: ( => current thread )
  0x00000190b7fa89a0 JavaThread "main"                              [_thread_blocked, id=13888, stack(0x00000019eb900000,0x00000019eba00000) (1024K)]
  0x00000190ba4d9280 JavaThread "Reference Handler"          daemon [_thread_blocked, id=15000, stack(0x00000019ebd00000,0x00000019ebe00000) (1024K)]
  0x00000190ba4dbf60 JavaThread "Finalizer"                  daemon [_thread_blocked, id=13408, stack(0x00000019ebe00000,0x00000019ebf00000) (1024K)]
  0x00000190ba310d20 JavaThread "Signal Dispatcher"          daemon [_thread_blocked, id=3228, stack(0x00000019ebf00000,0x00000019ec000000) (1024K)]
=>0x00000190ba310000 JavaThread "Attach Listener"            daemon [_thread_in_vm, id=13340, stack(0x00000019ec000000,0x00000019ec100000) (1024K)]
  0x00000190ba311a40 JavaThread "Service Thread"             daemon [_thread_blocked, id=15024, stack(0x00000019ec100000,0x00000019ec200000) (1024K)]
  0x00000190ba312df0 JavaThread "Monitor Deflation Thread"   daemon [_thread_blocked, id=3588, stack(0x00000019ec200000,0x00000019ec300000) (1024K)]
  0x00000190ba31cd70 JavaThread "C2 CompilerThread0"         daemon [_thread_blocked, id=7852, stack(0x00000019ec300000,0x00000019ec400000) (1024K)]
  0x00000190ba390d80 JavaThread "C1 CompilerThread0"         daemon [_thread_blocked, id=1996, stack(0x00000019ec400000,0x00000019ec500000) (1024K)]
  0x00000190ba310690 JavaThread "Common-Cleaner"             daemon [_thread_blocked, id=11844, stack(0x00000019ec500000,0x00000019ec600000) (1024K)]
  0x00000190ba313480 JavaThread "Notification Thread"        daemon [_thread_blocked, id=11972, stack(0x00000019ec600000,0x00000019ec700000) (1024K)]
  0x00000190ba3120d0 JavaThread "Active Thread: Equinox Container: c54adb51-b31d-4f60-9c8c-5f4a57bd2b64"        [_thread_blocked, id=2140, stack(0x00000019ecb00000,0x00000019ecc00000) (1024K)]
  0x00000190ba3113b0 JavaThread "Refresh Thread: Equinox Container: c54adb51-b31d-4f60-9c8c-5f4a57bd2b64" daemon [_thread_blocked, id=14852, stack(0x00000019eca00000,0x00000019ecb00000) (1024K)]
  0x00000190ba312760 JavaThread "Framework Event Dispatcher: Equinox Container: c54adb51-b31d-4f60-9c8c-5f4a57bd2b64" daemon [_thread_blocked, id=3692, stack(0x00000019ecc00000,0x00000019ecd00000) (1024K)]
  0x00000191171201e0 JavaThread "Start Level: Equinox Container: c54adb51-b31d-4f60-9c8c-5f4a57bd2b64" daemon [_thread_blocked, id=3792, stack(0x00000019ecd00000,0x00000019ece00000) (1024K)]
  0x0000019117121c20 JavaThread "Bundle File Closer"         daemon [_thread_blocked, id=1756, stack(0x00000019ece00000,0x00000019ecf00000) (1024K)]
  0x00000191171222b0 JavaThread "SCR Component Actor"        daemon [_thread_blocked, id=15148, stack(0x00000019ecf00000,0x00000019ed000000) (1024K)]
  0x000001911711f4c0 JavaThread "Worker-JM"                         [_thread_blocked, id=8080, stack(0x00000019ed100000,0x00000019ed200000) (1024K)]
  0x0000019117120870 JavaThread "JNA Cleaner"                daemon [_thread_blocked, id=2312, stack(0x00000019ed200000,0x00000019ed300000) (1024K)]
  0x0000019117122fd0 JavaThread "Worker-0"                          [_thread_blocked, id=2384, stack(0x00000019ed300000,0x00000019ed400000) (1024K)]
  0x0000019117123660 JavaThread "Java indexing"              daemon [_thread_blocked, id=13836, stack(0x00000019ed600000,0x00000019ed700000) (1024K)]
  0x0000019117121590 JavaThread "Worker-3"                          [_thread_blocked, id=14628, stack(0x00000019ed700000,0x00000019ed800000) (1024K)]
  0x0000019117124380 JavaThread "Thread-1"                   daemon [_thread_in_native, id=12716, stack(0x00000019edc00000,0x00000019edd00000) (1024K)]
  0x0000019117120f00 JavaThread "Thread-2"                   daemon [_thread_in_native, id=1232, stack(0x00000019edd00000,0x00000019ede00000) (1024K)]
  0x0000019117124a10 JavaThread "Thread-3"                   daemon [_thread_in_native, id=13852, stack(0x00000019ede00000,0x00000019edf00000) (1024K)]
  0x0000019117126ae0 JavaThread "Thread-4"                   daemon [_thread_in_native, id=9372, stack(0x00000019edf00000,0x00000019ee000000) (1024K)]
  0x00000191171250a0 JavaThread "Thread-5"                   daemon [_thread_in_native, id=3240, stack(0x00000019ee000000,0x00000019ee100000) (1024K)]
  0x0000019117125730 JavaThread "pool-2-thread-1"                   [_thread_blocked, id=8232, stack(0x00000019ee100000,0x00000019ee200000) (1024K)]
  0x0000019117125dc0 JavaThread "WorkspaceEventsHandler"            [_thread_blocked, id=1100, stack(0x00000019ee200000,0x00000019ee300000) (1024K)]
  0x0000019117126450 JavaThread "pool-1-thread-1"                   [_thread_blocked, id=7336, stack(0x00000019ee300000,0x00000019ee400000) (1024K)]
Total: 30

Other Threads:
  0x00000190ba30f0e0 VMThread "VM Thread"                           [id=14220, stack(0x00000019ebc00000,0x00000019ebd00000) (1024K)]
  0x00000190ba2aca00 WatcherThread "VM Periodic Task Thread"        [id=15304, stack(0x00000019ebb00000,0x00000019ebc00000) (1024K)]
  0x00000190ba43c230 WorkerThread "GC Thread#0"                     [id=3328, stack(0x00000019eba00000,0x00000019ebb00000) (1024K)]
  0x0000019112c8e090 WorkerThread "GC Thread#1"                     [id=9888, stack(0x00000019ec700000,0x00000019ec800000) (1024K)]
  0x0000019112c8e430 WorkerThread "GC Thread#2"                     [id=2784, stack(0x00000019ec800000,0x00000019ec900000) (1024K)]
  0x0000019112c8e7d0 WorkerThread "GC Thread#3"                     [id=14540, stack(0x00000019ec900000,0x00000019eca00000) (1024K)]
Total: 6

Threads with active compile tasks:
Total: 0

VM state: not at safepoint (normal execution)

VM Mutex/Monitor currently owned by a thread: None

Heap address: 0x0000000080000000, size: 2048 MB, Compressed Oops mode: 32-bit

CDS archive(s) mapped at: [0x00000190d1000000-0x00000190d1ba0000-0x00000190d1ba0000), size 12189696, SharedBaseAddress: 0x00000190d1000000, ArchiveRelocationMode: 1.
Compressed class space mapped at: 0x00000190d2000000-0x0000019112000000, reserved size: 1073741824
Narrow klass base: 0x00000190d1000000, Narrow klass shift: 0, Narrow klass range: 0x100000000

GC Precious Log:
 CardTable entry size: 512
 CPUs: 4 total, 4 available
 Memory: 7538M
 Large Page Support: Disabled
 NUMA Support: Disabled
 Compressed Oops: Enabled (32-bit)
 Alignments: Space 512K, Generation 512K, Heap 2M
 Heap Min Capacity: 100M
 Heap Initial Capacity: 100M
 Heap Max Capacity: 2G
 Pre-touch: Disabled
 Parallel Workers: 4

Heap:
 PSYoungGen      total 10240K, used 7195K [0x00000000d5580000, 0x00000000d6580000, 0x0000000100000000)
  eden space 7680K, 66% used [0x00000000d5580000,0x00000000d5a76d38,0x00000000d5d00000)
  from space 2560K, 82% used [0x00000000d5d00000,0x00000000d5f10020,0x00000000d5f80000)
  to   space 4096K, 0% used [0x00000000d6180000,0x00000000d6180000,0x00000000d6580000)
 ParOldGen       total 75776K, used 75696K [0x0000000080000000, 0x0000000084a00000, 0x00000000d5580000)
  object space 75776K, 99% used [0x0000000080000000,0x00000000849ec3d0,0x0000000084a00000)
 Metaspace       used 64302K, committed 65792K, reserved 1114112K
  class space    used 6878K, committed 7488K, reserved 1048576K

Card table byte_map: [0x00000190b9dc0000,0x00000190ba1d0000] _byte_map_base: 0x00000190b99c0000

Marking Bits: (ParMarkBitMap*) 0x00007ff949282460
 Begin Bits: [0x00000190cc8d0000, 0x00000190ce8d0000)
 End Bits:   [0x00000190ce8d0000, 0x00000190d08d0000)

Polling page: 0x00000190b8220000

Metaspace:

Usage:
  Non-class:     56.08 MB used.
      Class:      6.72 MB used.
       Both:     62.80 MB used.

Virtual space:
  Non-class space:       64.00 MB reserved,      56.94 MB ( 89%) committed,  1 nodes.
      Class space:        1.00 GB reserved,       7.31 MB ( <1%) committed,  1 nodes.
             Both:        1.06 GB reserved,      64.25 MB (  6%) committed. 

Chunk freelists:
   Non-Class:  6.79 MB
       Class:  8.63 MB
        Both:  15.42 MB

MaxMetaspaceSize: unlimited
CompressedClassSpaceSize: 1.00 GB
Initial GC threshold: 21.00 MB
Current GC threshold: 97.31 MB
CDS: on
 - commit_granule_bytes: 65536.
 - commit_granule_words: 8192.
 - virtual_space_node_default_size: 8388608.
 - enlarge_chunks_in_place: 1.
 - use_allocation_guard: 0.


Internal statistics:

num_allocs_failed_limit: 9.
num_arena_births: 1254.
num_arena_deaths: 20.
num_vsnodes_births: 2.
num_vsnodes_deaths: 0.
num_space_committed: 1028.
num_space_uncommitted: 0.
num_chunks_returned_to_freelist: 31.
num_chunks_taken_from_freelist: 4271.
num_chunk_merges: 16.
num_chunk_splits: 2624.
num_chunks_enlarged: 1500.
num_inconsistent_stats: 0.

CodeHeap 'non-profiled nmethods': size=120000Kb used=7352Kb max_used=7352Kb free=112647Kb
 bounds [0x00000190c50f0000, 0x00000190c5820000, 0x00000190cc620000]
CodeHeap 'profiled nmethods': size=120000Kb used=25431Kb max_used=25431Kb free=94568Kb
 bounds [0x00000190bd620000, 0x00000190bef00000, 0x00000190c4b50000]
CodeHeap 'non-nmethods': size=5760Kb used=1428Kb max_used=1494Kb free=4332Kb
 bounds [0x00000190c4b50000, 0x00000190c4dc0000, 0x00000190c50f0000]
CodeCache: size=245760Kb, used=34211Kb, max_used=34277Kb, free=211547Kb
 total_blobs=11831, nmethods=11091, adapters=646, full_count=0
Compilation: enabled, stopped_count=0, restarted_count=0

Compilation events (20 events):
Event: 318.592 Thread 0x00000190ba390d80 11835       1       org.eclipse.lsp4j.jsonrpc.messages.Either::getLeft (5 bytes)
Event: 318.592 Thread 0x00000190ba390d80 nmethod 11835 0x00000190c581d190 code [0x00000190c581d320, 0x00000190c581d3e8]
Event: 318.592 Thread 0x00000190ba390d80 11839       1       org.eclipse.core.internal.jobs.JobChangeEvent::getJob (5 bytes)
Event: 318.592 Thread 0x00000190ba390d80 nmethod 11839 0x00000190c581d490 code [0x00000190c581d620, 0x00000190c581d6e8]
Event: 329.744 Thread 0x00000190ba31cd70 11840       4       java.util.concurrent.atomic.AtomicLong::addAndGet (14 bytes)
Event: 329.745 Thread 0x00000190ba31cd70 nmethod 11840 0x00000190c581d790 code [0x00000190c581d920, 0x00000190c581d9b8]
Event: 332.837 Thread 0x00000190ba390d80 11841       3       java.util.concurrent.Executors$RunnableAdapter::call (14 bytes)
Event: 332.837 Thread 0x00000190ba390d80 nmethod 11841 0x00000190beef4610 code [0x00000190beef47c0, 0x00000190beef49a8]
Event: 422.864 Thread 0x00000190ba31cd70 11842       4       java.util.concurrent.locks.ReentrantLock::lock (8 bytes)
Event: 422.867 Thread 0x00000190ba31cd70 nmethod 11842 0x00000190c581da90 code [0x00000190c581dc40, 0x00000190c581ddb0]
Event: 660.788 Thread 0x00000190ba390d80 11843       3       java.util.concurrent.ThreadPoolExecutor$Worker::tryRelease (12 bytes)
Event: 660.788 Thread 0x00000190ba390d80 nmethod 11843 0x00000190beef4a90 code [0x00000190beef4c20, 0x00000190beef4d88]
Event: 663.554 Thread 0x00000190ba390d80 11844       3       java.util.concurrent.ThreadPoolExecutor$Worker::unlock (7 bytes)
Event: 663.554 Thread 0x00000190ba390d80 nmethod 11844 0x00000190beef4e10 code [0x00000190beef4fe0, 0x00000190beef5238]
Event: 700.825 Thread 0x00000190ba390d80 11845       3       java.util.concurrent.ThreadPoolExecutor::beforeExecute (1 bytes)
Event: 700.826 Thread 0x00000190ba390d80 nmethod 11845 0x00000190beef5390 code [0x00000190beef5520, 0x00000190beef5628]
Event: 740.851 Thread 0x00000190ba390d80 11846       3       java.util.concurrent.ThreadPoolExecutor::afterExecute (1 bytes)
Event: 740.852 Thread 0x00000190ba390d80 nmethod 11846 0x00000190beef5690 code [0x00000190beef5820, 0x00000190beef5928]
Event: 979.285 Thread 0x00000190ba390d80 11848       3       java.util.concurrent.atomic.AtomicLong::weakCompareAndSetVolatile (13 bytes)
Event: 979.289 Thread 0x00000190ba390d80 nmethod 11848 0x00000190beef5990 code [0x00000190beef5b40, 0x00000190beef5ca0]

GC Heap History (20 events):
Event: 41.766 GC heap before
{Heap before GC invocations=85 (full 3):
 PSYoungGen      total 15360K, used 15200K [0x00000000d5580000, 0x00000000d6580000, 0x0000000100000000)
  eden space 14848K, 100% used [0x00000000d5580000,0x00000000d6400000,0x00000000d6400000)
  from space 512K, 68% used [0x00000000d6480000,0x00000000d64d8000,0x00000000d6500000)
  to   space 512K, 0% used [0x00000000d6500000,0x00000000d6500000,0x00000000d6580000)
 ParOldGen       total 68608K, used 65308K [0x0000000080000000, 0x0000000084300000, 0x00000000d5580000)
  object space 68608K, 95% used [0x0000000080000000,0x0000000083fc7198,0x0000000084300000)
 Metaspace       used 62627K, committed 64064K, reserved 1114112K
  class space    used 6663K, committed 7296K, reserved 1048576K
}
Event: 41.767 GC heap after
{Heap after GC invocations=85 (full 3):
 PSYoungGen      total 15360K, used 416K [0x00000000d5580000, 0x00000000d6580000, 0x0000000100000000)
  eden space 14848K, 0% used [0x00000000d5580000,0x00000000d5580000,0x00000000d6400000)
  from space 512K, 81% used [0x00000000d6500000,0x00000000d6568000,0x00000000d6580000)
  to   space 512K, 0% used [0x00000000d6480000,0x00000000d6480000,0x00000000d6500000)
 ParOldGen       total 68608K, used 65588K [0x0000000080000000, 0x0000000084300000, 0x00000000d5580000)
  object space 68608K, 95% used [0x0000000080000000,0x000000008400d198,0x0000000084300000)
 Metaspace       used 62627K, committed 64064K, reserved 1114112K
  class space    used 6663K, committed 7296K, reserved 1048576K
}
Event: 41.830 GC heap before
{Heap before GC invocations=86 (full 3):
 PSYoungGen      total 15360K, used 15264K [0x00000000d5580000, 0x00000000d6580000, 0x0000000100000000)
  eden space 14848K, 100% used [0x00000000d5580000,0x00000000d6400000,0x00000000d6400000)
  from space 512K, 81% used [0x00000000d6500000,0x00000000d6568000,0x00000000d6580000)
  to   space 512K, 0% used [0x00000000d6480000,0x00000000d6480000,0x00000000d6500000)
 ParOldGen       total 68608K, used 65588K [0x0000000080000000, 0x0000000084300000, 0x00000000d5580000)
  object space 68608K, 95% used [0x0000000080000000,0x000000008400d198,0x0000000084300000)
 Metaspace       used 62682K, committed 64128K, reserved 1114112K
  class space    used 6664K, committed 7296K, reserved 1048576K
}
Event: 41.831 GC heap after
{Heap after GC invocations=86 (full 3):
 PSYoungGen      total 15360K, used 352K [0x00000000d5580000, 0x00000000d6580000, 0x0000000100000000)
  eden space 14848K, 0% used [0x00000000d5580000,0x00000000d5580000,0x00000000d6400000)
  from space 512K, 68% used [0x00000000d6480000,0x00000000d64d8000,0x00000000d6500000)
  to   space 512K, 0% used [0x00000000d6500000,0x00000000d6500000,0x00000000d6580000)
 ParOldGen       total 68608K, used 65905K [0x0000000080000000, 0x0000000084300000, 0x00000000d5580000)
  object space 68608K, 96% used [0x0000000080000000,0x000000008405c718,0x0000000084300000)
 Metaspace       used 62682K, committed 64128K, reserved 1114112K
  class space    used 6664K, committed 7296K, reserved 1048576K
}
Event: 41.867 GC heap before
{Heap before GC invocations=87 (full 3):
 PSYoungGen      total 15360K, used 15200K [0x00000000d5580000, 0x00000000d6580000, 0x0000000100000000)
  eden space 14848K, 100% used [0x00000000d5580000,0x00000000d6400000,0x00000000d6400000)
  from space 512K, 68% used [0x00000000d6480000,0x00000000d64d8000,0x00000000d6500000)
  to   space 512K, 0% used [0x00000000d6500000,0x00000000d6500000,0x00000000d6580000)
 ParOldGen       total 68608K, used 65905K [0x0000000080000000, 0x0000000084300000, 0x00000000d5580000)
  object space 68608K, 96% used [0x0000000080000000,0x000000008405c718,0x0000000084300000)
 Metaspace       used 62710K, committed 64192K, reserved 1114112K
  class space    used 6665K, committed 7296K, reserved 1048576K
}
Event: 41.869 GC heap after
{Heap after GC invocations=87 (full 3):
 PSYoungGen      total 15360K, used 448K [0x00000000d5580000, 0x00000000d6580000, 0x0000000100000000)
  eden space 14848K, 0% used [0x00000000d5580000,0x00000000d5580000,0x00000000d6400000)
  from space 512K, 87% used [0x00000000d6500000,0x00000000d6570000,0x00000000d6580000)
  to   space 512K, 0% used [0x00000000d6480000,0x00000000d6480000,0x00000000d6500000)
 ParOldGen       total 68608K, used 66209K [0x0000000080000000, 0x0000000084300000, 0x00000000d5580000)
  object space 68608K, 96% used [0x0000000080000000,0x00000000840a8718,0x0000000084300000)
 Metaspace       used 62710K, committed 64192K, reserved 1114112K
  class space    used 6665K, committed 7296K, reserved 1048576K
}
Event: 41.896 GC heap before
{Heap before GC invocations=88 (full 3):
 PSYoungGen      total 15360K, used 15296K [0x00000000d5580000, 0x00000000d6580000, 0x0000000100000000)
  eden space 14848K, 100% used [0x00000000d5580000,0x00000000d6400000,0x00000000d6400000)
  from space 512K, 87% used [0x00000000d6500000,0x00000000d6570000,0x00000000d6580000)
  to   space 512K, 0% used [0x00000000d6480000,0x00000000d6480000,0x00000000d6500000)
 ParOldGen       total 68608K, used 66209K [0x0000000080000000, 0x0000000084300000, 0x00000000d5580000)
  object space 68608K, 96% used [0x0000000080000000,0x00000000840a8718,0x0000000084300000)
 Metaspace       used 62712K, committed 64192K, reserved 1114112K
  class space    used 6665K, committed 7296K, reserved 1048576K
}
Event: 41.898 GC heap after
{Heap after GC invocations=88 (full 3):
 PSYoungGen      total 15360K, used 468K [0x00000000d5580000, 0x00000000d6580000, 0x0000000100000000)
  eden space 14848K, 0% used [0x00000000d5580000,0x00000000d5580000,0x00000000d6400000)
  from space 512K, 91% used [0x00000000d6480000,0x00000000d64f5180,0x00000000d6500000)
  to   space 512K, 0% used [0x00000000d6500000,0x00000000d6500000,0x00000000d6580000)
 ParOldGen       total 68608K, used 66497K [0x0000000080000000, 0x0000000084300000, 0x00000000d5580000)
  object space 68608K, 96% used [0x0000000080000000,0x00000000840f0718,0x0000000084300000)
 Metaspace       used 62712K, committed 64192K, reserved 1114112K
  class space    used 6665K, committed 7296K, reserved 1048576K
}
Event: 41.931 GC heap before
{Heap before GC invocations=89 (full 3):
 PSYoungGen      total 15360K, used 15316K [0x00000000d5580000, 0x00000000d6580000, 0x0000000100000000)
  eden space 14848K, 100% used [0x00000000d5580000,0x00000000d6400000,0x00000000d6400000)
  from space 512K, 91% used [0x00000000d6480000,0x00000000d64f5180,0x00000000d6500000)
  to   space 512K, 0% used [0x00000000d6500000,0x00000000d6500000,0x00000000d6580000)
 ParOldGen       total 68608K, used 66497K [0x0000000080000000, 0x0000000084300000, 0x00000000d5580000)
  object space 68608K, 96% used [0x0000000080000000,0x00000000840f0718,0x0000000084300000)
 Metaspace       used 62947K, committed 64512K, reserved 1114112K
  class space    used 6692K, committed 7360K, reserved 1048576K
}
Event: 41.933 GC heap after
{Heap after GC invocations=89 (full 3):
 PSYoungGen      total 15360K, used 416K [0x00000000d5580000, 0x00000000d6580000, 0x0000000100000000)
  eden space 14848K, 0% used [0x00000000d5580000,0x00000000d5580000,0x00000000d6400000)
  from space 512K, 81% used [0x00000000d6500000,0x00000000d6568000,0x00000000d6580000)
  to   space 512K, 0% used [0x00000000d6480000,0x00000000d6480000,0x00000000d6500000)
 ParOldGen       total 68608K, used 66841K [0x0000000080000000, 0x0000000084300000, 0x00000000d5580000)
  object space 68608K, 97% used [0x0000000080000000,0x0000000084146718,0x0000000084300000)
 Metaspace       used 62947K, committed 64512K, reserved 1114112K
  class space    used 6692K, committed 7360K, reserved 1048576K
}
Event: 41.957 GC heap before
{Heap before GC invocations=90 (full 3):
 PSYoungGen      total 15360K, used 15264K [0x00000000d5580000, 0x00000000d6580000, 0x0000000100000000)
  eden space 14848K, 100% used [0x00000000d5580000,0x00000000d6400000,0x00000000d6400000)
  from space 512K, 81% used [0x00000000d6500000,0x00000000d6568000,0x00000000d6580000)
  to   space 512K, 0% used [0x00000000d6480000,0x00000000d6480000,0x00000000d6500000)
 ParOldGen       total 68608K, used 66841K [0x0000000080000000, 0x0000000084300000, 0x00000000d5580000)
  object space 68608K, 97% used [0x0000000080000000,0x0000000084146718,0x0000000084300000)
 Metaspace       used 63117K, committed 64640K, reserved 1114112K
  class space    used 6717K, committed 7360K, reserved 1048576K
}
Event: 41.959 GC heap after
{Heap after GC invocations=90 (full 3):
 PSYoungGen      total 15360K, used 480K [0x00000000d5580000, 0x00000000d6580000, 0x0000000100000000)
  eden space 14848K, 0% used [0x00000000d5580000,0x00000000d5580000,0x00000000d6400000)
  from space 512K, 93% used [0x00000000d6480000,0x00000000d64f8000,0x00000000d6500000)
  to   space 512K, 0% used [0x00000000d6500000,0x00000000d6500000,0x00000000d6580000)
 ParOldGen       total 68608K, used 67202K [0x0000000080000000, 0x0000000084300000, 0x00000000d5580000)
  object space 68608K, 97% used [0x0000000080000000,0x00000000841a08c8,0x0000000084300000)
 Metaspace       used 63117K, committed 64640K, reserved 1114112K
  class space    used 6717K, committed 7360K, reserved 1048576K
}
Event: 41.992 GC heap before
{Heap before GC invocations=91 (full 3):
 PSYoungGen      total 15360K, used 15328K [0x00000000d5580000, 0x00000000d6580000, 0x0000000100000000)
  eden space 14848K, 100% used [0x00000000d5580000,0x00000000d6400000,0x00000000d6400000)
  from space 512K, 93% used [0x00000000d6480000,0x00000000d64f8000,0x00000000d6500000)
  to   space 512K, 0% used [0x00000000d6500000,0x00000000d6500000,0x00000000d6580000)
 ParOldGen       total 68608K, used 67202K [0x0000000080000000, 0x0000000084300000, 0x00000000d5580000)
  object space 68608K, 97% used [0x0000000080000000,0x00000000841a08c8,0x0000000084300000)
 Metaspace       used 63221K, committed 64768K, reserved 1114112K
  class space    used 6730K, committed 7360K, reserved 1048576K
}
Event: 41.993 GC heap after
{Heap after GC invocations=91 (full 3):
 PSYoungGen      total 15360K, used 352K [0x00000000d5580000, 0x00000000d6580000, 0x0000000100000000)
  eden space 14848K, 0% used [0x00000000d5580000,0x00000000d5580000,0x00000000d6400000)
  from space 512K, 68% used [0x00000000d6500000,0x00000000d6558000,0x00000000d6580000)
  to   space 512K, 0% used [0x00000000d6480000,0x00000000d6480000,0x00000000d6500000)
 ParOldGen       total 68608K, used 67602K [0x0000000080000000, 0x0000000084300000, 0x00000000d5580000)
  object space 68608K, 98% used [0x0000000080000000,0x00000000842048c8,0x0000000084300000)
 Metaspace       used 63221K, committed 64768K, reserved 1114112K
  class space    used 6730K, committed 7360K, reserved 1048576K
}
Event: 42.062 GC heap before
{Heap before GC invocations=92 (full 3):
 PSYoungGen      total 15360K, used 15200K [0x00000000d5580000, 0x00000000d6580000, 0x0000000100000000)
  eden space 14848K, 100% used [0x00000000d5580000,0x00000000d6400000,0x00000000d6400000)
  from space 512K, 68% used [0x00000000d6500000,0x00000000d6558000,0x00000000d6580000)
  to   space 512K, 0% used [0x00000000d6480000,0x00000000d6480000,0x00000000d6500000)
 ParOldGen       total 68608K, used 67602K [0x0000000080000000, 0x0000000084300000, 0x00000000d5580000)
  object space 68608K, 98% used [0x0000000080000000,0x00000000842048c8,0x0000000084300000)
 Metaspace       used 63531K, committed 65088K, reserved 1114112K
  class space    used 6772K, committed 7424K, reserved 1048576K
}
Event: 42.064 GC heap after
{Heap after GC invocations=92 (full 3):
 PSYoungGen      total 15360K, used 416K [0x00000000d5580000, 0x00000000d6580000, 0x0000000100000000)
  eden space 14848K, 0% used [0x00000000d5580000,0x00000000d5580000,0x00000000d6400000)
  from space 512K, 81% used [0x00000000d6480000,0x00000000d64e8000,0x00000000d6500000)
  to   space 512K, 0% used [0x00000000d6500000,0x00000000d6500000,0x00000000d6580000)
 ParOldGen       total 69632K, used 68685K [0x0000000080000000, 0x0000000084400000, 0x00000000d5580000)
  object space 69632K, 98% used [0x0000000080000000,0x0000000084313488,0x0000000084400000)
 Metaspace       used 63531K, committed 65088K, reserved 1114112K
  class space    used 6772K, committed 7424K, reserved 1048576K
}
Event: 42.193 GC heap before
{Heap before GC invocations=93 (full 3):
 PSYoungGen      total 15360K, used 15264K [0x00000000d5580000, 0x00000000d6580000, 0x0000000100000000)
  eden space 14848K, 100% used [0x00000000d5580000,0x00000000d6400000,0x00000000d6400000)
  from space 512K, 81% used [0x00000000d6480000,0x00000000d64e8000,0x00000000d6500000)
  to   space 512K, 0% used [0x00000000d6500000,0x00000000d6500000,0x00000000d6580000)
 ParOldGen       total 69632K, used 68685K [0x0000000080000000, 0x0000000084400000, 0x00000000d5580000)
  object space 69632K, 98% used [0x0000000080000000,0x0000000084313488,0x0000000084400000)
 Metaspace       used 63852K, committed 65408K, reserved 1114112K
  class space    used 6821K, committed 7488K, reserved 1048576K
}
Event: 42.197 GC heap after
{Heap after GC invocations=93 (full 3):
 PSYoungGen      total 8192K, used 496K [0x00000000d5580000, 0x00000000d7400000, 0x0000000100000000)
  eden space 7680K, 0% used [0x00000000d5580000,0x00000000d5580000,0x00000000d5d00000)
  from space 512K, 96% used [0x00000000d6500000,0x00000000d657c020,0x00000000d6580000)
  to   space 8192K, 0% used [0x00000000d5d00000,0x00000000d5d00000,0x00000000d6500000)
 ParOldGen       total 75264K, used 75208K [0x0000000080000000, 0x0000000084980000, 0x00000000d5580000)
  object space 75264K, 99% used [0x0000000080000000,0x00000000849723c0,0x0000000084980000)
 Metaspace       used 63852K, committed 65408K, reserved 1114112K
  class space    used 6821K, committed 7488K, reserved 1048576K
}
Event: 42.282 GC heap before
{Heap before GC invocations=94 (full 3):
 PSYoungGen      total 8192K, used 8176K [0x00000000d5580000, 0x00000000d7400000, 0x0000000100000000)
  eden space 7680K, 100% used [0x00000000d5580000,0x00000000d5d00000,0x00000000d5d00000)
  from space 512K, 96% used [0x00000000d6500000,0x00000000d657c020,0x00000000d6580000)
  to   space 8192K, 0% used [0x00000000d5d00000,0x00000000d5d00000,0x00000000d6500000)
 ParOldGen       total 75264K, used 75208K [0x0000000080000000, 0x0000000084980000, 0x00000000d5580000)
  object space 75264K, 99% used [0x0000000080000000,0x00000000849723c0,0x0000000084980000)
 Metaspace       used 63989K, committed 65472K, reserved 1114112K
  class space    used 6848K, committed 7488K, reserved 1048576K
}
Event: 42.287 GC heap after
{Heap after GC invocations=94 (full 3):
 PSYoungGen      total 10240K, used 2112K [0x00000000d5580000, 0x00000000d6580000, 0x0000000100000000)
  eden space 7680K, 0% used [0x00000000d5580000,0x00000000d5580000,0x00000000d5d00000)
  from space 2560K, 82% used [0x00000000d5d00000,0x00000000d5f10020,0x00000000d5f80000)
  to   space 4096K, 0% used [0x00000000d6180000,0x00000000d6180000,0x00000000d6580000)
 ParOldGen       total 75776K, used 75696K [0x0000000080000000, 0x0000000084a00000, 0x00000000d5580000)
  object space 75776K, 99% used [0x0000000080000000,0x00000000849ec3d0,0x0000000084a00000)
 Metaspace       used 63989K, committed 65472K, reserved 1114112K
  class space    used 6848K, committed 7488K, reserved 1048576K
}

Dll operation events (10 events):
Event: 0.016 Loaded shared library c:\Users\Usuario\.vscode\extensions\redhat.java-1.50.0-win32-x64\jre\21.0.9-win32-x86_64\bin\java.dll
Event: 0.196 Loaded shared library c:\Users\Usuario\.vscode\extensions\redhat.java-1.50.0-win32-x64\jre\21.0.9-win32-x86_64\bin\zip.dll
Event: 0.216 Loaded shared library C:\Users\Usuario\.vscode\extensions\redhat.java-1.50.0-win32-x64\jre\21.0.9-win32-x86_64\bin\instrument.dll
Event: 0.221 Loaded shared library C:\Users\Usuario\.vscode\extensions\redhat.java-1.50.0-win32-x64\jre\21.0.9-win32-x86_64\bin\net.dll
Event: 0.223 Loaded shared library C:\Users\Usuario\.vscode\extensions\redhat.java-1.50.0-win32-x64\jre\21.0.9-win32-x86_64\bin\nio.dll
Event: 0.226 Loaded shared library C:\Users\Usuario\.vscode\extensions\redhat.java-1.50.0-win32-x64\jre\21.0.9-win32-x86_64\bin\zip.dll
Event: 0.242 Loaded shared library C:\Users\Usuario\.vscode\extensions\redhat.java-1.50.0-win32-x64\jre\21.0.9-win32-x86_64\bin\jimage.dll
Event: 0.380 Loaded shared library c:\Users\Usuario\.vscode\extensions\redhat.java-1.50.0-win32-x64\jre\21.0.9-win32-x86_64\bin\verify.dll
Event: 7.809 Loaded shared library C:\Users\Usuario\AppData\Roaming\Code\User\globalStorage\redhat.java\1.50.0\config_win\org.eclipse.equinox.launcher\org.eclipse.equinox.launcher.win32.win32.x86_64_1.2.1400.v20250801-0854\eclipse_11916.dll
Event: 17.660 Loaded shared library C:\Users\Usuario\AppData\Local\Temp\jna-1531808526\jna2854476780235193912.dll

Deoptimization events (20 events):
Event: 318.463 Thread 0x0000019117121590 Uncommon trap: trap_request=0xffffffde fr.pc=0x00000190c560edec relative=0x000000000000032c
Event: 318.463 Thread 0x0000019117121590 Uncommon trap: reason=class_check action=maybe_recompile pc=0x00000190c560edec method=java.io.DataOutputStream.writeByte(I)V @ 5 c2
Event: 318.463 Thread 0x0000019117121590 DEOPT PACKING pc=0x00000190c560edec sp=0x00000019ed7feae0
Event: 318.463 Thread 0x0000019117121590 DEOPT UNPACKING pc=0x00000190c4ba3aa2 sp=0x00000019ed7fea98 mode 2
Event: 318.463 Thread 0x0000019117121590 Uncommon trap: trap_request=0xffffffde fr.pc=0x00000190c560edec relative=0x000000000000032c
Event: 318.463 Thread 0x0000019117121590 Uncommon trap: reason=class_check action=maybe_recompile pc=0x00000190c560edec method=java.io.DataOutputStream.writeByte(I)V @ 5 c2
Event: 318.463 Thread 0x0000019117121590 DEOPT PACKING pc=0x00000190c560edec sp=0x00000019ed7feae0
Event: 318.463 Thread 0x0000019117121590 DEOPT UNPACKING pc=0x00000190c4ba3aa2 sp=0x00000019ed7fea98 mode 2
Event: 318.463 Thread 0x0000019117121590 Uncommon trap: trap_request=0xffffffde fr.pc=0x00000190c560fce4 relative=0x0000000000000424
Event: 318.463 Thread 0x0000019117121590 Uncommon trap: reason=class_check action=maybe_recompile pc=0x00000190c560fce4 method=java.io.DataOutputStream.writeInt(I)V @ 19 c2
Event: 318.463 Thread 0x0000019117121590 DEOPT PACKING pc=0x00000190c560fce4 sp=0x00000019ed7fe8e0
Event: 318.463 Thread 0x0000019117121590 DEOPT UNPACKING pc=0x00000190c4ba3aa2 sp=0x00000019ed7fe888 mode 2
Event: 318.472 Thread 0x0000019117121590 Uncommon trap: trap_request=0xffffffc6 fr.pc=0x00000190c5637b90 relative=0x0000000000004ab0
Event: 318.472 Thread 0x0000019117121590 Uncommon trap: reason=bimorphic_or_optimized_type_check action=maybe_recompile pc=0x00000190c5637b90 method=java.util.Properties.load0(Ljava/util/Properties$LineReader;)V @ 241 c2
Event: 318.472 Thread 0x0000019117121590 DEOPT PACKING pc=0x00000190c5637b90 sp=0x00000019ed7feb20
Event: 318.472 Thread 0x0000019117121590 DEOPT UNPACKING pc=0x00000190c4ba3aa2 sp=0x00000019ed7feb50 mode 2
Event: 318.472 Thread 0x0000019117121590 Uncommon trap: trap_request=0xffffffc6 fr.pc=0x00000190c5574d60 relative=0x0000000000004ba0
Event: 318.472 Thread 0x0000019117121590 Uncommon trap: reason=bimorphic_or_optimized_type_check action=maybe_recompile pc=0x00000190c5574d60 method=java.util.Properties.load0(Ljava/util/Properties$LineReader;)V @ 241 c2
Event: 318.472 Thread 0x0000019117121590 DEOPT PACKING pc=0x00000190c5574d60 sp=0x00000019ed7feb30
Event: 318.472 Thread 0x0000019117121590 DEOPT UNPACKING pc=0x00000190c4ba3aa2 sp=0x00000019ed7feb50 mode 2

Classes loaded (20 events):
Event: 42.142 Loading class java/nio/file/DirectoryIteratorException
Event: 42.142 Loading class java/nio/file/DirectoryIteratorException done
Event: 42.215 Loading class java/nio/file/FileTreeIterator
Event: 42.215 Loading class java/nio/file/FileTreeIterator done
Event: 318.407 Loading class java/util/stream/Nodes$CollectorTask$OfRef
Event: 318.408 Loading class java/util/stream/Nodes$CollectorTask
Event: 318.408 Loading class java/util/stream/Nodes$CollectorTask done
Event: 318.408 Loading class java/util/stream/Nodes$CollectorTask$OfRef done
Event: 318.411 Loading class java/util/function/LongFunction
Event: 318.411 Loading class java/util/function/LongFunction done
Event: 318.412 Loading class java/util/stream/Nodes$ConcNode
Event: 318.412 Loading class java/util/stream/Nodes$AbstractConcNode
Event: 318.412 Loading class java/util/stream/Nodes$AbstractConcNode done
Event: 318.412 Loading class java/util/stream/Nodes$ConcNode done
Event: 318.434 Loading class java/io/ObjectOutputStream$BlockDataOutputStream
Event: 318.435 Loading class java/io/ObjectOutputStream$BlockDataOutputStream done
Event: 318.435 Loading class java/io/ObjectOutputStream$HandleTable
Event: 318.436 Loading class java/io/ObjectOutputStream$HandleTable done
Event: 318.436 Loading class java/io/ObjectOutputStream$ReplaceTable
Event: 318.436 Loading class java/io/ObjectOutputStream$ReplaceTable done

Classes unloaded (10 events):
Event: 18.190 Thread 0x00000190ba30f0e0 Unloading class 0x00000190d21a2800 'java/lang/invoke/LambdaForm$MH+0x00000190d21a2800'
Event: 18.190 Thread 0x00000190ba30f0e0 Unloading class 0x00000190d21a2400 'java/lang/invoke/LambdaForm$MH+0x00000190d21a2400'
Event: 18.190 Thread 0x00000190ba30f0e0 Unloading class 0x00000190d21a2000 'java/lang/invoke/LambdaForm$MH+0x00000190d21a2000'
Event: 18.190 Thread 0x00000190ba30f0e0 Unloading class 0x00000190d21a1c00 'java/lang/invoke/LambdaForm$MH+0x00000190d21a1c00'
Event: 18.190 Thread 0x00000190ba30f0e0 Unloading class 0x00000190d21a1800 'java/lang/invoke/LambdaForm$BMH+0x00000190d21a1800'
Event: 18.190 Thread 0x00000190ba30f0e0 Unloading class 0x00000190d21a1400 'java/lang/invoke/LambdaForm$DMH+0x00000190d21a1400'
Event: 18.190 Thread 0x00000190ba30f0e0 Unloading class 0x00000190d21a0000 'java/lang/invoke/LambdaForm$DMH+0x00000190d21a0000'
Event: 34.787 Thread 0x00000190ba30f0e0 Unloading class 0x00000190d269cc00 'java/lang/invoke/LambdaForm$DMH+0x00000190d269cc00'
Event: 34.787 Thread 0x00000190ba30f0e0 Unloading class 0x00000190d269c800 'java/lang/invoke/LambdaForm$DMH+0x00000190d269c800'
Event: 34.787 Thread 0x00000190ba30f0e0 Unloading class 0x00000190d269c400 'java/lang/invoke/LambdaForm$DMH+0x00000190d269c400'

Classes redefined (0 events):
No events

Internal exceptions (20 events):
Event: 39.578 Thread 0x000001911ab93340 Exception <a 'sun/nio/fs/WindowsException'{0x00000000d6339b08}> (0x00000000d6339b08) 
thrown [s\src\hotspot\share\prims\jni.cpp, line 520]
Event: 39.581 Thread 0x000001911ab93340 Exception <a 'sun/nio/fs/WindowsException'{0x00000000d6374b70}> (0x00000000d6374b70) 
thrown [s\src\hotspot\share\prims\jni.cpp, line 520]
Event: 39.581 Thread 0x000001911ab93340 Exception <a 'sun/nio/fs/WindowsException'{0x00000000d6375530}> (0x00000000d6375530) 
thrown [s\src\hotspot\share\prims\jni.cpp, line 520]
Event: 39.640 Thread 0x000001911ab92cb0 Exception <a 'sun/nio/fs/WindowsException'{0x00000000d5dee6f0}> (0x00000000d5dee6f0) 
thrown [s\src\hotspot\share\prims\jni.cpp, line 520]
Event: 39.640 Thread 0x000001911ab92cb0 Exception <a 'sun/nio/fs/WindowsException'{0x00000000d5def0b0}> (0x00000000d5def0b0) 
thrown [s\src\hotspot\share\prims\jni.cpp, line 520]
Event: 40.226 Thread 0x000001911ab91900 Implicit null exception at 0x00000190c571b4a8 to 0x00000190c571bd80
Event: 40.226 Thread 0x000001911ab91900 Implicit null exception at 0x00000190c5760b06 to 0x00000190c5761210
Event: 40.231 Thread 0x000001911ab91900 Implicit null exception at 0x00000190c5721d4b to 0x00000190c572270c
Event: 41.544 Thread 0x000001911ab91900 Exception <a 'java/lang/IncompatibleClassChangeError'{0x00000000d632d4a0}: Found class java.lang.Object, but interface was expected> (0x00000000d632d4a0) 
thrown [s\src\hotspot\share\interpreter\linkResolver.cpp, line 840]
Event: 41.630 Thread 0x0000019117121590 Implicit null exception at 0x00000190c57366e9 to 0x00000190c5736bf0
Event: 41.630 Thread 0x0000019117121590 Implicit null exception at 0x00000190c537a6a6 to 0x00000190c537ac40
Event: 41.630 Thread 0x0000019117121590 Implicit null exception at 0x00000190c5735683 to 0x00000190c5735bd4
Event: 41.913 Thread 0x0000019117121590 Exception <a 'java/lang/NoSuchMethodError'{0x00000000d5d23010}: 'java.lang.Object java.lang.invoke.DirectMethodHandle$Holder.invokeStatic(java.lang.Object, java.lang.Object, int, java.lang.Object)'> (0x00000000d5d23010) 
thrown [s\src\hotspot\share\interpreter\linkResolver.cpp, line 773]
Event: 41.955 Thread 0x0000019117121590 Exception <a 'java/io/FileNotFoundException'{0x00000000d62331a0}> (0x00000000d62331a0) 
thrown [s\src\hotspot\share\prims\jni.cpp, line 520]
Event: 41.955 Thread 0x0000019117121590 Exception <a 'java/io/FileNotFoundException'{0x00000000d6233f50}> (0x00000000d6233f50) 
thrown [s\src\hotspot\share\prims\jni.cpp, line 520]
Event: 318.426 Thread 0x0000019117121590 Exception <a 'sun/nio/fs/WindowsException'{0x00000000d596c5a8}> (0x00000000d596c5a8) 
thrown [s\src\hotspot\share\prims\jni.cpp, line 520]
Event: 318.426 Thread 0x0000019117121590 Exception <a 'sun/nio/fs/WindowsException'{0x00000000d596d1c0}> (0x00000000d596d1c0) 
thrown [s\src\hotspot\share\prims\jni.cpp, line 520]
Event: 318.426 Thread 0x0000019117121590 Implicit null exception at 0x00000190c56eea06 to 0x00000190c56eed40
Event: 318.458 Thread 0x0000019117121590 Exception <a 'java/lang/NoSuchMethodError'{0x00000000d5a051b0}: static [J.<clinit>()V> (0x00000000d5a051b0) 
thrown [s\src\hotspot\share\prims\jni.cpp, line 1111]
Event: 318.466 Thread 0x0000019117121590 Exception <a 'java/lang/NoSuchMethodError'{0x00000000d5a32318}: 'java.lang.Object java.lang.invoke.DirectMethodHandle$Holder.newInvokeSpecial(java.lang.Object, java.lang.Object, java.lang.Object, java.lang.Object, java.lang.Object, java.lang.Object, java.lang.Object, java.lang.Object)'> (0x00000000d5a32318) 
thrown [s\src\hotspot\share\interpreter\linkResolver.cpp, line 773]

ZGC Phase Switch (0 events):
No events

VM Operations (20 events):
Event: 765.038 Executing VM operation: HandshakeAllThreads (HandshakeForDeflation)
Event: 765.038 Executing VM operation: HandshakeAllThreads (HandshakeForDeflation) done
Event: 765.038 Executing VM operation: RendezvousGCThreads
Event: 765.038 Executing VM operation: RendezvousGCThreads done
Event: 825.120 Executing VM operation: HandshakeAllThreads (HandshakeForDeflation)
Event: 825.120 Executing VM operation: HandshakeAllThreads (HandshakeForDeflation) done
Event: 825.120 Executing VM operation: RendezvousGCThreads
Event: 825.120 Executing VM operation: RendezvousGCThreads done
Event: 885.153 Executing VM operation: HandshakeAllThreads (HandshakeForDeflation)
Event: 885.153 Executing VM operation: HandshakeAllThreads (HandshakeForDeflation) done
Event: 885.153 Executing VM operation: RendezvousGCThreads
Event: 885.153 Executing VM operation: RendezvousGCThreads done
Event: 945.179 Executing VM operation: HandshakeAllThreads (HandshakeForDeflation)
Event: 945.179 Executing VM operation: HandshakeAllThreads (HandshakeForDeflation) done
Event: 945.179 Executing VM operation: RendezvousGCThreads
Event: 945.179 Executing VM operation: RendezvousGCThreads done
Event: 1005.287 Executing VM operation: HandshakeAllThreads (HandshakeForDeflation)
Event: 1005.287 Executing VM operation: HandshakeAllThreads (HandshakeForDeflation) done
Event: 1005.288 Executing VM operation: RendezvousGCThreads
Event: 1005.288 Executing VM operation: RendezvousGCThreads done

Memory protections (0 events):
No events

Nmethod flushes (20 events):
Event: 34.807 Thread 0x00000190ba30f0e0 flushing osr nmethod 0x00000190bde7a890
Event: 34.807 Thread 0x00000190ba30f0e0 flushing osr nmethod 0x00000190bde93710
Event: 34.807 Thread 0x00000190ba30f0e0 flushing  nmethod 0x00000190bde95890
Event: 34.807 Thread 0x00000190ba30f0e0 flushing  nmethod 0x00000190bde9fb10
Event: 34.807 Thread 0x00000190ba30f0e0 flushing osr nmethod 0x00000190bdea3e10
Event: 34.807 Thread 0x00000190ba30f0e0 flushing  nmethod 0x00000190bdea8890
Event: 34.807 Thread 0x00000190ba30f0e0 flushing  nmethod 0x00000190bdebbe10
Event: 34.807 Thread 0x00000190ba30f0e0 flushing  nmethod 0x00000190bdebc410
Event: 34.807 Thread 0x00000190ba30f0e0 flushing  nmethod 0x00000190bdec0b10
Event: 34.807 Thread 0x00000190ba30f0e0 flushing  nmethod 0x00000190bdec1610
Event: 34.807 Thread 0x00000190ba30f0e0 flushing  nmethod 0x00000190bdf04990
Event: 34.807 Thread 0x00000190ba30f0e0 flushing  nmethod 0x00000190bdf0a110
Event: 34.807 Thread 0x00000190ba30f0e0 flushing  nmethod 0x00000190bdf33f10
Event: 34.807 Thread 0x00000190ba30f0e0 flushing  nmethod 0x00000190bdf34a10
Event: 34.807 Thread 0x00000190ba30f0e0 flushing  nmethod 0x00000190bdf34d90
Event: 34.807 Thread 0x00000190ba30f0e0 flushing  nmethod 0x00000190bdf35210
Event: 34.807 Thread 0x00000190ba30f0e0 flushing  nmethod 0x00000190bdf38e90
Event: 34.807 Thread 0x00000190ba30f0e0 flushing  nmethod 0x00000190bdf42510
Event: 34.807 Thread 0x00000190ba30f0e0 flushing  nmethod 0x00000190bdfc4b10
Event: 34.807 Thread 0x00000190ba30f0e0 flushing  nmethod 0x00000190bdfc4e10

Events (20 events):
Event: 47.383 Thread 0x0000019118611500 Thread exited: 0x0000019118611500
Event: 82.609 Thread 0x000001911ab92620 Thread exited: 0x000001911ab92620
Event: 82.610 Thread 0x000001911ab94060 Thread exited: 0x000001911ab94060
Event: 89.765 Thread 0x000001911ab95410 Thread exited: 0x000001911ab95410
Event: 99.819 Thread 0x0000019117122940 Thread exited: 0x0000019117122940
Event: 99.819 Thread 0x000001911711fb50 Thread exited: 0x000001911711fb50
Event: 101.877 Thread 0x0000019117123cf0 Thread exited: 0x0000019117123cf0
Event: 102.345 Thread 0x000001911ab91900 Thread exited: 0x000001911ab91900
Event: 142.624 Thread 0x000001911ab90550 Thread exited: 0x000001911ab90550
Event: 162.350 Thread 0x000001911ab93340 Thread exited: 0x000001911ab93340
Event: 202.628 Thread 0x000001911ab91270 Thread exited: 0x000001911ab91270
Event: 222.359 Thread 0x000001911ab92cb0 Thread exited: 0x000001911ab92cb0
Event: 318.391 Thread 0x0000019117121590 Thread added: 0x000001911ab91270
Event: 318.413 Thread 0x000001911ab91270 Thread exited: 0x000001911ab91270
Event: 318.430 Thread 0x0000019117121590 Thread added: 0x000001911ab92cb0
Event: 318.432 Thread 0x000001911ab92cb0 Thread exited: 0x000001911ab92cb0
Event: 322.839 Thread 0x000001911ab94d80 Thread exited: 0x000001911ab94d80
Event: 322.847 Thread 0x000001911ab90be0 Thread exited: 0x000001911ab90be0
Event: 329.744 Thread 0x000001911ab91f90 Thread exited: 0x000001911ab91f90
Event: 329.761 Thread 0x000001911ab967c0 Thread exited: 0x000001911ab967c0


Dynamic libraries:
0x00007ff70b7a0000 - 0x00007ff70b7ae000 	c:\Users\Usuario\.vscode\extensions\redhat.java-1.50.0-win32-x64\jre\21.0.9-win32-x86_64\bin\java.exe
0x00007ff9a5d80000 - 0x00007ff9a5fe8000 	C:\WINDOWS\SYSTEM32\ntdll.dll
0x00007ff9a4f10000 - 0x00007ff9a4fd9000 	C:\WINDOWS\System32\KERNEL32.DLL
0x00007ff9a3090000 - 0x00007ff9a3488000 	C:\WINDOWS\System32\KERNELBASE.dll
0x00007ff9a3640000 - 0x00007ff9a378b000 	C:\WINDOWS\System32\ucrtbase.dll
0x00007ff98f590000 - 0x00007ff98f5a8000 	c:\Users\Usuario\.vscode\extensions\redhat.java-1.50.0-win32-x64\jre\21.0.9-win32-x86_64\bin\jli.dll
0x00007ff9a4d40000 - 0x00007ff9a4f07000 	C:\WINDOWS\System32\USER32.dll
0x00007ff9a3490000 - 0x00007ff9a34b7000 	C:\WINDOWS\System32\win32u.dll
0x00007ff9a5100000 - 0x00007ff9a512b000 	C:\WINDOWS\System32\GDI32.dll
0x00007ff9a2ed0000 - 0x00007ff9a2ffc000 	C:\WINDOWS\System32\gdi32full.dll
0x00007ff9a39b0000 - 0x00007ff9a3a53000 	C:\WINDOWS\System32\msvcp_win.dll
0x00007ff98dfa0000 - 0x00007ff98dfbe000 	c:\Users\Usuario\.vscode\extensions\redhat.java-1.50.0-win32-x64\jre\21.0.9-win32-x86_64\bin\VCRUNTIME140.dll
0x00007ff98f2c0000 - 0x00007ff98f554000 	C:\WINDOWS\WinSxS\amd64_microsoft.windows.common-controls_6595b64144ccf1df_6.0.26100.7019_none_3e06ffa0e335b8a8\COMCTL32.dll
0x00007ff9a4890000 - 0x00007ff9a4939000 	C:\WINDOWS\System32\msvcrt.dll
0x00007ff9a3be0000 - 0x00007ff9a3c11000 	C:\WINDOWS\System32\IMM32.DLL
0x00007ff994f80000 - 0x00007ff994f8c000 	c:\Users\Usuario\.vscode\extensions\redhat.java-1.50.0-win32-x64\jre\21.0.9-win32-x86_64\bin\vcruntime140_1.dll
0x00007ff952a90000 - 0x00007ff952b1d000 	c:\Users\Usuario\.vscode\extensions\redhat.java-1.50.0-win32-x64\jre\21.0.9-win32-x86_64\bin\msvcp140.dll
0x00007ff9485c0000 - 0x00007ff949360000 	c:\Users\Usuario\.vscode\extensions\redhat.java-1.50.0-win32-x64\jre\21.0.9-win32-x86_64\bin\server\jvm.dll
0x00007ff9a3b20000 - 0x00007ff9a3bd4000 	C:\WINDOWS\System32\ADVAPI32.dll
0x00007ff9a5050000 - 0x00007ff9a50f6000 	C:\WINDOWS\System32\sechost.dll
0x00007ff9a51b0000 - 0x00007ff9a52c8000 	C:\WINDOWS\System32\RPCRT4.dll
0x00007ff9a4480000 - 0x00007ff9a44f4000 	C:\WINDOWS\System32\WS2_32.dll
0x00007ff9a2d30000 - 0x00007ff9a2d8e000 	C:\WINDOWS\SYSTEM32\POWRPROF.dll
0x00007ff99adc0000 - 0x00007ff99adf5000 	C:\WINDOWS\SYSTEM32\WINMM.dll
0x00007ff99ae00000 - 0x00007ff99ae0b000 	C:\WINDOWS\SYSTEM32\VERSION.dll
0x00007ff9a2d10000 - 0x00007ff9a2d24000 	C:\WINDOWS\SYSTEM32\UMPDC.dll
0x00007ff9a1c50000 - 0x00007ff9a1c6b000 	C:\WINDOWS\SYSTEM32\kernel.appcore.dll
0x00007ff990c50000 - 0x00007ff990c5a000 	c:\Users\Usuario\.vscode\extensions\redhat.java-1.50.0-win32-x64\jre\21.0.9-win32-x86_64\bin\jimage.dll
0x00007ff995140000 - 0x00007ff995382000 	C:\WINDOWS\SYSTEM32\DBGHELP.DLL
0x00007ff9a4500000 - 0x00007ff9a488b000 	C:\WINDOWS\System32\combase.dll
0x00007ff9a3e80000 - 0x00007ff9a3f57000 	C:\WINDOWS\System32\OLEAUT32.dll
0x00007ff9842d0000 - 0x00007ff98430c000 	C:\WINDOWS\SYSTEM32\dbgcore.DLL
0x00007ff9a3900000 - 0x00007ff9a39a5000 	C:\WINDOWS\System32\bcryptPrimitives.dll
0x00007ff98e440000 - 0x00007ff98e44f000 	c:\Users\Usuario\.vscode\extensions\redhat.java-1.50.0-win32-x64\jre\21.0.9-win32-x86_64\bin\instrument.dll
0x00007ff98de00000 - 0x00007ff98de20000 	c:\Users\Usuario\.vscode\extensions\redhat.java-1.50.0-win32-x64\jre\21.0.9-win32-x86_64\bin\java.dll
0x00007ff9a55e0000 - 0x00007ff9a5d2f000 	C:\WINDOWS\System32\SHELL32.dll
0x00007ff9a3790000 - 0x00007ff9a38fb000 	C:\WINDOWS\System32\wintypes.dll
0x00007ff9a0ab0000 - 0x00007ff9a130d000 	C:\WINDOWS\SYSTEM32\windows.storage.dll
0x00007ff9a4940000 - 0x00007ff9a4a32000 	C:\WINDOWS\System32\SHCORE.dll
0x00007ff9a52e0000 - 0x00007ff9a5347000 	C:\WINDOWS\System32\shlwapi.dll
0x00007ff9a2df0000 - 0x00007ff9a2e19000 	C:\WINDOWS\SYSTEM32\profapi.dll
0x00007ff98d520000 - 0x00007ff98d538000 	c:\Users\Usuario\.vscode\extensions\redhat.java-1.50.0-win32-x64\jre\21.0.9-win32-x86_64\bin\zip.dll
0x00007ff98dfe0000 - 0x00007ff98dff0000 	C:\Users\Usuario\.vscode\extensions\redhat.java-1.50.0-win32-x64\jre\21.0.9-win32-x86_64\bin\net.dll
0x00007ff99c360000 - 0x00007ff99c488000 	C:\WINDOWS\SYSTEM32\WINHTTP.dll
0x00007ff9a21a0000 - 0x00007ff9a220b000 	C:\WINDOWS\system32\mswsock.dll
0x00007ff98d010000 - 0x00007ff98d026000 	C:\Users\Usuario\.vscode\extensions\redhat.java-1.50.0-win32-x64\jre\21.0.9-win32-x86_64\bin\nio.dll
0x00007ff98de90000 - 0x00007ff98dea0000 	c:\Users\Usuario\.vscode\extensions\redhat.java-1.50.0-win32-x64\jre\21.0.9-win32-x86_64\bin\verify.dll
0x00007ff90e0f0000 - 0x00007ff90e134000 	C:\Users\Usuario\AppData\Roaming\Code\User\globalStorage\redhat.java\1.50.0\config_win\org.eclipse.equinox.launcher\org.eclipse.equinox.launcher.win32.win32.x86_64_1.2.1400.v20250801-0854\eclipse_11916.dll
0x00007ff9a3ce0000 - 0x00007ff9a3e77000 	C:\WINDOWS\System32\ole32.dll
0x00007ff9a2590000 - 0x00007ff9a25ab000 	C:\WINDOWS\SYSTEM32\CRYPTSP.dll
0x00007ff9a1bb0000 - 0x00007ff9a1bea000 	C:\WINDOWS\system32\rsaenh.dll
0x00007ff9a2250000 - 0x00007ff9a227b000 	C:\WINDOWS\SYSTEM32\USERENV.dll
0x00007ff9a2dc0000 - 0x00007ff9a2dea000 	C:\WINDOWS\SYSTEM32\bcrypt.dll
0x00007ff9a23f0000 - 0x00007ff9a23fc000 	C:\WINDOWS\SYSTEM32\CRYPTBASE.dll
0x00007ff9a1640000 - 0x00007ff9a1674000 	C:\WINDOWS\SYSTEM32\IPHLPAPI.DLL
0x00007ff9a4fe0000 - 0x00007ff9a4fea000 	C:\WINDOWS\System32\NSI.dll
0x00007ff90d8f0000 - 0x00007ff90d939000 	C:\Users\Usuario\AppData\Local\Temp\jna-1531808526\jna2854476780235193912.dll
0x00007ff9a3f60000 - 0x00007ff9a3f68000 	C:\WINDOWS\System32\PSAPI.DLL
0x00007ff99c900000 - 0x00007ff99c91e000 	C:\WINDOWS\SYSTEM32\dhcpcsvc6.DLL
0x00007ff99c8d0000 - 0x00007ff99c8f3000 	C:\WINDOWS\SYSTEM32\dhcpcsvc.DLL

JVMTI agents:
c:\Users\Usuario\.vscode\extensions\redhat.java-1.50.0-win32-x64\lombok\lombok-1.18.39-4050.jar path:c:\Users\Usuario\.vscode\extensions\redhat.java-1.50.0-win32-x64\jre\21.0.9-win32-x86_64\bin\instrument.dll, loaded, initialized, instrumentlib options:none

dbghelp: loaded successfully - version: 4.0.5 - missing functions: none
symbol engine: initialized successfully - sym options: 0x614 - pdb path: .;c:\Users\Usuario\.vscode\extensions\redhat.java-1.50.0-win32-x64\jre\21.0.9-win32-x86_64\bin;C:\WINDOWS\SYSTEM32;C:\WINDOWS\WinSxS\amd64_microsoft.windows.common-controls_6595b64144ccf1df_6.0.26100.7019_none_3e06ffa0e335b8a8;c:\Users\Usuario\.vscode\extensions\redhat.java-1.50.0-win32-x64\jre\21.0.9-win32-x86_64\bin\server;C:\Users\Usuario\AppData\Roaming\Code\User\globalStorage\redhat.java\1.50.0\config_win\org.eclipse.equinox.launcher\org.eclipse.equinox.launcher.win32.win32.x86_64_1.2.1400.v20250801-0854;C:\Users\Usuario\AppData\Local\Temp\jna-1531808526

VM Arguments:
jvm_args: --add-modules=ALL-SYSTEM --add-opens=java.base/java.util=ALL-UNNAMED --add-opens=java.base/java.lang=ALL-UNNAMED --add-opens=java.base/sun.nio.fs=ALL-UNNAMED -Declipse.application=org.eclipse.jdt.ls.core.id1 -Dosgi.bundles.defaultStartLevel=4 -Declipse.product=org.eclipse.jdt.ls.core.product -Djava.import.generatesMetadataFilesAtProjectRoot=false -DDetectVMInstallationsJob.disabled=true -Dfile.encoding=utf8 -XX:+UseParallelGC -XX:GCTimeRatio=4 -XX:AdaptiveSizePolicyWeight=90 -Dsun.zip.disableMemoryMapping=true -Xmx2G -Xms100m -Xlog:disable -javaagent:c:\Users\Usuario\.vscode\extensions\redhat.java-1.50.0-win32-x64\lombok\lombok-1.18.39-4050.jar -XX:+HeapDumpOnOutOfMemoryError -XX:HeapDumpPath=c:\Users\Usuario\AppData\Roaming\Code\User\workspaceStorage\b20c995eef3ad68cec9be3cc949f8442\redhat.java -Daether.dependencyCollector.impl=bf 
java_command: c:\Users\Usuario\.vscode\extensions\redhat.java-1.50.0-win32-x64\server\plugins\org.eclipse.equinox.launcher_1.7.100.v20251111-0406.jar -configuration c:\Users\Usuario\AppData\Roaming\Code\User\globalStorage\redhat.java\1.50.0\config_win -data c:\Users\Usuario\AppData\Roaming\Code\User\workspaceStorage\b20c995eef3ad68cec9be3cc949f8442\redhat.java\jdt_ws --pipe=\\.\pipe\lsp-9359cbee7be48270399b13de7e21aff0-sock
java_class_path (initial): c:\Users\Usuario\.vscode\extensions\redhat.java-1.50.0-win32-x64\server\plugins\org.eclipse.equinox.launcher_1.7.100.v20251111-0406.jar
Launcher Type: SUN_STANDARD

[Global flags]
    uintx AdaptiveSizePolicyWeight                 = 90                                        {product} {command line}
     intx CICompilerCount                          = 3                                         {product} {ergonomic}
    uintx GCTimeRatio                              = 4                                         {product} {command line}
     bool HeapDumpOnOutOfMemoryError               = true                                   {manageable} {command line}
    ccstr HeapDumpPath                             = c:\Users\Usuario\AppData\Roaming\Code\User\workspaceStorage\b20c995eef3ad68cec9be3cc949f8442\redhat.java         {manageable} {command line}
   size_t InitialHeapSize                          = 104857600                                 {product} {command line}
   size_t MaxHeapSize                              = 2147483648                                {product} {command line}
   size_t MaxNewSize                               = 715653120                                 {product} {ergonomic}
   size_t MinHeapDeltaBytes                        = 524288                                    {product} {ergonomic}
   size_t MinHeapSize                              = 104857600                                 {product} {command line}
   size_t NewSize                                  = 34603008                                  {product} {ergonomic}
    uintx NonNMethodCodeHeapSize                   = 5832780                                {pd product} {ergonomic}
    uintx NonProfiledCodeHeapSize                  = 122912730                              {pd product} {ergonomic}
   size_t OldSize                                  = 70254592                                  {product} {ergonomic}
    uintx ProfiledCodeHeapSize                     = 122912730                              {pd product} {ergonomic}
    uintx ReservedCodeCacheSize                    = 251658240                              {pd product} {ergonomic}
     bool SegmentedCodeCache                       = true                                      {product} {ergonomic}
   size_t SoftMaxHeapSize                          = 2147483648                             {manageable} {ergonomic}
     bool UseCompressedOops                        = true                           {product lp64_product} {ergonomic}
     bool UseLargePagesIndividualAllocation        = false                                  {pd product} {ergonomic}
     bool UseParallelGC                            = true                                      {product} {command line}

Logging:
Log output configuration:
 #0: stdout all=off uptime,level,tags foldmultilines=false
 #1: stderr all=off uptime,level,tags foldmultilines=false

Release file:
JAVA_VERSION="21.0.9" 
MODULES="java.base java.compiler java.datatransfer java.xml java.prefs java.desktop java.instrument java.logging java.management java.security.sasl java.naming java.rmi java.management.rmi java.net.http java.scripting java.security.jgss java.transaction.xa java.sql java.sql.rowset java.xml.crypto java.se java.smartcardio jdk.accessibility jdk.internal.jvmstat jdk.attach jdk.charsets jdk.internal.opt jdk.zipfs jdk.compiler jdk.crypto.ec jdk.crypto.cryptoki jdk.crypto.mscapi jdk.dynalink jdk.internal.ed jdk.editpad jdk.hotspot.agent jdk.httpserver jdk.internal.le jdk.internal.vm.ci jdk.internal.vm.compiler jdk.internal.vm.compiler.management jdk.jartool jdk.javadoc jdk.jcmd jdk.management jdk.management.agent jdk.jconsole jdk.jdeps jdk.jdwp.agent jdk.jdi jdk.jfr jdk.jshell jdk.jsobject jdk.jstatd jdk.localedata jdk.management.jfr jdk.naming.dns jdk.naming.rmi jdk.net jdk.nio.mapmode jdk.random jdk.sctp jdk.security.auth jdk.security.jgss jdk.unsupported jdk.unsupported.desktop jdk.xml.dom" 

Environment Variables:
PATH=C:\Program Files\Eclipse Adoptium\jdk-21.0.8.9-hotspot\bin;C:\WINDOWS\system32;C:\WINDOWS;C:\WINDOWS\System32\Wbem;C:\WINDOWS\System32\WindowsPowerShell\v1.0\;C:\WINDOWS\System32\OpenSSH\;C:\Program Files\swipl\bin;C:\Program Files\Git\cmd;;C:\Program Files\Docker\Docker\resources\bin;C:\Users\Usuario\AppData\Local\Microsoft\WindowsApps;C:\Users\Usuario\Desktop\Microsoft VS Code\bin;C:\apache-maven-3.9.6\bin;C:\Users\Usuario\AppData\Local\Programs\cursor\resources\app\bin;C:\Users\Usuario\AppData\Local\gitkraken\bin
USERNAME=Usuario
OS=Windows_NT
PROCESSOR_IDENTIFIER=AMD64 Family 23 Model 96 Stepping 1, AuthenticAMD
TMP=C:\Users\Usuario\AppData\Local\Temp
TEMP=C:\Users\Usuario\AppData\Local\Temp




Periodic native trim disabled

---------------  S Y S T E M  ---------------

OS:
 Windows 11 , 64 bit Build 26100 (10.0.26100.7019)
OS uptime: 0 days 0:22 hours
Hyper-V role detected

CPU: total 4 (initial active 4) (4 cores per cpu, 1 threads per core) family 23 model 96 stepping 1 microcode 0x8600106, cx8, cmov, fxsr, mmx, 3dnowpref, sse, sse2, sse3, ssse3, sse4a, sse4.1, sse4.2, popcnt, lzcnt, tsc, tscinvbit, avx, avx2, aes, clmul, bmi1, bmi2, adx, sha, fma, vzeroupper, clflush, clflushopt, hv, rdtscp, rdpid, f16c
Processor Information for the first 4 processors :
  Max Mhz: 2700, Current Mhz: 2700, Mhz Limit: 2700

Memory: 4k page, system-wide physical 7538M (793M free)
TotalPageFile size 12050M (AvailPageFile size 0M)
current process WorkingSet (physical memory assigned to process): 12M, peak: 318M
current process commit charge ("private bytes"): 337M, peak: 390M

vm_info: OpenJDK 64-Bit Server VM (21.0.9+10-LTS) for windows-amd64 JRE (21.0.9+10-LTS), built on 2025-10-21T00:00:00Z by "admin" with unknown MS VC++:1942

END.
